   0  $accept : program $end

   1  program : header_program '{' ejecucion '}' ';'
   2          | header_program
   3          | header_program '{' ejecucion
   4          | header_program '{' '}'

   5  header_program : ID

   6  declaracion_variables : tipo lista_variables ';'
   7                        | lista_variables ';'
   8                        | lista_variables

   9  lista_variables : lista_variables ',' ID
  10                  | ID

  11  sentencia_declarable : declaracion_variables
  12                       | funcion

  13  funcion : header_funcion ejecucion_funcion

  14  header_funcion : FUN ID '(' lista_parametros ')' ':' tipo
  15                 | FUN ID '(' ')' ':' tipo
  16                 | FUN ID '(' lista_parametros ')' ':'
  17                 | FUN ID '(' lista_parametros ')'
  18                 | FUN '(' lista_parametros ')' ':' tipo
  19                 | FUN '(' ')' ':' tipo
  20                 | FUN ID lista_parametros ':' tipo
  21                 | FUN ID ':' tipo

  22  lista_parametros : parametro
  23                   | parametro ',' parametro

  24  parametro : tipo ID
  25            | ID
  26            | tipo

  27  tipo : I32
  28       | F32

  29  ejecucion_funcion : '{' bloque_funcion RETURN '(' expresion ')' ';' '}' ';'
  30                    | '{' RETURN '(' expresion ')' ';' '}' ';'
  31                    | '{' bloque_funcion RETURN '(' expresion ')' ';' bloque_funcion '}' ';'

  32  bloque_funcion : bloque_funcion sentencia
  33                 | sentencia

  34  ejecucion_control : ejecucion_control sentencia_ejecutable
  35                    | sentencia_ejecutable

  36  ejecucion : ejecucion sentencia
  37            | sentencia

  38  sentencia : sentencia_ejecutable
  39            | sentencia_declarable

  40  sentencia_ejecutable : asignacion ';'
  41                       | seleccion ';'
  42                       | impresion ';'
  43                       | iteracion_while
  44                       | invocacion_con_d
  45                       | invocacion
  46                       | error ';'

  47  invocacion_con_d : DISCARD invocacion

  48  iteracion_while : WHILE '(' comparacion_bool ')' ':' '(' asignacion ')' '{' ejecucion_iteracion '}' ';'
  49                  | WHILE '(' comparacion_bool ')' ':' '(' asignacion ')' '{' ejecucion_iteracion break '}' ';'
  50                  | WHILE '(' comparacion_bool ')' ':' '(' asignacion ')' '{' ejecucion_iteracion continue '}' ';'
  51                  | WHILE '(' comparacion_bool ')' ':' '(' asignacion ')' sentencia_ejecutable
  52                  | ID ':' WHILE '(' comparacion_bool ')' ':' '(' asignacion ')' '{' ejecucion_iteracion '}' ';'
  53                  | ID ':' WHILE '(' comparacion_bool ')' ':' '(' asignacion ')' '{' ejecucion_iteracion break '}' ';'
  54                  | ID ':' WHILE '(' comparacion_bool ')' ':' '(' asignacion ')' '{' ejecucion_iteracion continue '}' ';'
  55                  | ID ':' WHILE '(' comparacion_bool ')' ':' '(' asignacion ')' sentencia_ejecutable
  56                  | WHILE ':' '(' asignacion ')' '{' ejecucion_iteracion '}' ';'
  57                  | WHILE '(' comparacion_bool ')' '(' asignacion ')' '{' ejecucion_iteracion '}' ';'
  58                  | WHILE '(' comparacion_bool ')' ':' '(' asignacion ')' '{' '}' ';'
  59                  | WHILE '(' ')' ':' '(' asignacion ')' '{' ejecucion_iteracion '}' ';'
  60                  | WHILE '(' comparacion_bool ')' ':' '(' ')' '{' ejecucion_iteracion '}' ';'
  61                  | WHILE '(' comparacion_bool ')' '(' asignacion ')' sentencia_ejecutable ';'
  62                  | WHILE '(' comparacion_bool ')' ':' sentencia_ejecutable ';'
  63                  | WHILE '(' comparacion_bool ')' ':' '(' ')' sentencia_ejecutable ';'
  64                  | WHILE '(' comparacion_bool ')' ':' asignacion sentencia_ejecutable ';'

  65  ejecucion_iteracion : ejecucion_iteracion sentencia_ejecutable
  66                      | sentencia_ejecutable

  67  continue : CONTINUE
  68           | CONTINUE ':' ID

  69  break : BREAK CTE
  70        | BREAK '-' CTE

  71  seleccion : IF condicion_salto_if then_seleccion_sin_else ENDIF
  72            | IF condicion_salto_if then_seleccion else_seleccion ENDIF
  73            | IF condicion_salto_if '{' ejecucion_control '}' else_seleccion ENDIF
  74            | IF condicion_salto_if then_seleccion '{' ejecucion_control '}' ENDIF
  75            | IF condicion_salto_if THEN ENDIF
  76            | IF condicion_salto_if then_seleccion ELSE ENDIF
  77            | IF condicion_salto_if THEN else_seleccion ENDIF
  78            | IF condicion_salto_if then_seleccion_sin_else
  79            | IF condicion_salto_if then_seleccion else_seleccion

  80  then_seleccion : THEN '{' ejecucion_control '}' ';'
  81                 | THEN sentencia_ejecutable
  82                 | '{' ejecucion_control '}' ';'
  83                 | sentencia_ejecutable
  84                 | THEN '{' ejecucion_control
  85                 | THEN '{' '}'
  86                 | THEN ejecucion_control '}'

  87  then_seleccion_sin_else : THEN '{' ejecucion_control '}' ';'
  88                          | THEN sentencia_ejecutable
  89                          | '{' ejecucion_control '}' ';'
  90                          | sentencia_ejecutable
  91                          | THEN '{' ejecucion_control
  92                          | THEN '{' '}'
  93                          | THEN ejecucion_control '}'

  94  else_seleccion : ELSE '{' ejecucion_control '}' ';'
  95                 | ELSE sentencia_ejecutable
  96                 | ELSE '{' '}' ';'
  97                 | ELSE ejecucion_control '}' ';'

  98  condicion_salto_if : '(' comparacion_bool ')'
  99                     | comparacion_bool ')'
 100                     | '(' comparacion_bool
 101                     | comparacion_bool
 102                     | '(' ')'

 103  comparacion_bool : expresion comparador expresion

 104  comparador : '>'
 105             | '<'
 106             | '='
 107             | MAYOR_IGUAL
 108             | MENOR_IGUAL
 109             | DISTINTO

 110  asignacion : ID ASIGNACION expresion
 111             | ID ASIGNACION iteracion_while else_asignacion_iteracion
 112             | ID ASIGNACION iteracion_while

 113  else_asignacion_iteracion : ELSE CTE
 114                            | ELSE '-' CTE

 115  expresion : expresion '+' termino
 116            | expresion '-' termino
 117            | termino
 118            | TOF32 '(' expresion '+' termino ')'
 119            | TOF32 '(' expresion '-' termino ')'
 120            | TOF32 '(' termino ')'

 121  termino : termino '*' factor
 122          | termino '/' factor
 123          | factor

 124  combinacion_terminales : ID
 125                         | CTE
 126                         | '-' CTE

 127  invocacion : ID '(' combinacion_terminales ',' combinacion_terminales ')'
 128             | ID '(' combinacion_terminales ')'
 129             | ID '(' ')'

 130  factor : combinacion_terminales
 131         | invocacion

 132  impresion : OUT '(' CADENA ')'
 133            | OUT '(' ')'
 134            | OUT
 135            | OUT CADENA

state 0
	$accept : . program $end  (0)

	ID  shift 1
	.  error

	program  goto 2
	header_program  goto 3


state 1
	header_program : ID .  (5)

	.  reduce 5


state 2
	$accept : program . $end  (0)

	$end  accept


state 3
	program : header_program . '{' ejecucion '}' ';'  (1)
	program : header_program .  (2)
	program : header_program . '{' ejecucion  (3)
	program : header_program . '{' '}'  (4)

	'{'  shift 4
	$end  reduce 2


state 4
	program : header_program '{' . ejecucion '}' ';'  (1)
	program : header_program '{' . ejecucion  (3)
	program : header_program '{' . '}'  (4)

	error  shift 5
	ID  shift 6
	IF  shift 7
	OUT  shift 8
	FUN  shift 9
	WHILE  shift 10
	I32  shift 11
	F32  shift 12
	DISCARD  shift 13
	'}'  shift 14
	.  error

	ejecucion  goto 15
	declaracion_variables  goto 16
	tipo  goto 17
	lista_variables  goto 18
	sentencia_declarable  goto 19
	funcion  goto 20
	header_funcion  goto 21
	sentencia  goto 22
	sentencia_ejecutable  goto 23
	asignacion  goto 24
	seleccion  goto 25
	impresion  goto 26
	iteracion_while  goto 27
	invocacion_con_d  goto 28
	invocacion  goto 29


state 5
	sentencia_ejecutable : error . ';'  (46)

	';'  shift 30
	.  error


state 6
	lista_variables : ID .  (10)
	iteracion_while : ID . ':' WHILE '(' comparacion_bool ')' ':' '(' asignacion ')' '{' ejecucion_iteracion '}' ';'  (52)
	iteracion_while : ID . ':' WHILE '(' comparacion_bool ')' ':' '(' asignacion ')' '{' ejecucion_iteracion break '}' ';'  (53)
	iteracion_while : ID . ':' WHILE '(' comparacion_bool ')' ':' '(' asignacion ')' '{' ejecucion_iteracion continue '}' ';'  (54)
	iteracion_while : ID . ':' WHILE '(' comparacion_bool ')' ':' '(' asignacion ')' sentencia_ejecutable  (55)
	asignacion : ID . ASIGNACION expresion  (110)
	asignacion : ID . ASIGNACION iteracion_while else_asignacion_iteracion  (111)
	asignacion : ID . ASIGNACION iteracion_while  (112)
	invocacion : ID . '(' combinacion_terminales ',' combinacion_terminales ')'  (127)
	invocacion : ID . '(' combinacion_terminales ')'  (128)
	invocacion : ID . '(' ')'  (129)

	ASIGNACION  shift 31
	'('  shift 32
	':'  shift 33
	$end  reduce 10
	error  reduce 10
	ID  reduce 10
	IF  reduce 10
	OUT  reduce 10
	FUN  reduce 10
	RETURN  reduce 10
	WHILE  reduce 10
	I32  reduce 10
	F32  reduce 10
	DISCARD  reduce 10
	'}'  reduce 10
	';'  reduce 10
	','  reduce 10


state 7
	seleccion : IF . condicion_salto_if then_seleccion_sin_else ENDIF  (71)
	seleccion : IF . condicion_salto_if then_seleccion else_seleccion ENDIF  (72)
	seleccion : IF . condicion_salto_if '{' ejecucion_control '}' else_seleccion ENDIF  (73)
	seleccion : IF . condicion_salto_if then_seleccion '{' ejecucion_control '}' ENDIF  (74)
	seleccion : IF . condicion_salto_if THEN ENDIF  (75)
	seleccion : IF . condicion_salto_if then_seleccion ELSE ENDIF  (76)
	seleccion : IF . condicion_salto_if THEN else_seleccion ENDIF  (77)
	seleccion : IF . condicion_salto_if then_seleccion_sin_else  (78)
	seleccion : IF . condicion_salto_if then_seleccion else_seleccion  (79)

	ID  shift 34
	CTE  shift 35
	TOF32  shift 36
	'-'  shift 37
	'('  shift 38
	.  error

	expresion  goto 39
	invocacion  goto 40
	comparacion_bool  goto 41
	condicion_salto_if  goto 42
	termino  goto 43
	factor  goto 44
	combinacion_terminales  goto 45


state 8
	impresion : OUT . '(' CADENA ')'  (132)
	impresion : OUT . '(' ')'  (133)
	impresion : OUT .  (134)
	impresion : OUT . CADENA  (135)

	CADENA  shift 46
	'('  shift 47
	';'  reduce 134


state 9
	header_funcion : FUN . ID '(' lista_parametros ')' ':' tipo  (14)
	header_funcion : FUN . ID '(' ')' ':' tipo  (15)
	header_funcion : FUN . ID '(' lista_parametros ')' ':'  (16)
	header_funcion : FUN . ID '(' lista_parametros ')'  (17)
	header_funcion : FUN . '(' lista_parametros ')' ':' tipo  (18)
	header_funcion : FUN . '(' ')' ':' tipo  (19)
	header_funcion : FUN . ID lista_parametros ':' tipo  (20)
	header_funcion : FUN . ID ':' tipo  (21)

	ID  shift 48
	'('  shift 49
	.  error


state 10
	iteracion_while : WHILE . '(' comparacion_bool ')' ':' '(' asignacion ')' '{' ejecucion_iteracion '}' ';'  (48)
	iteracion_while : WHILE . '(' comparacion_bool ')' ':' '(' asignacion ')' '{' ejecucion_iteracion break '}' ';'  (49)
	iteracion_while : WHILE . '(' comparacion_bool ')' ':' '(' asignacion ')' '{' ejecucion_iteracion continue '}' ';'  (50)
	iteracion_while : WHILE . '(' comparacion_bool ')' ':' '(' asignacion ')' sentencia_ejecutable  (51)
	iteracion_while : WHILE . ':' '(' asignacion ')' '{' ejecucion_iteracion '}' ';'  (56)
	iteracion_while : WHILE . '(' comparacion_bool ')' '(' asignacion ')' '{' ejecucion_iteracion '}' ';'  (57)
	iteracion_while : WHILE . '(' comparacion_bool ')' ':' '(' asignacion ')' '{' '}' ';'  (58)
	iteracion_while : WHILE . '(' ')' ':' '(' asignacion ')' '{' ejecucion_iteracion '}' ';'  (59)
	iteracion_while : WHILE . '(' comparacion_bool ')' ':' '(' ')' '{' ejecucion_iteracion '}' ';'  (60)
	iteracion_while : WHILE . '(' comparacion_bool ')' '(' asignacion ')' sentencia_ejecutable ';'  (61)
	iteracion_while : WHILE . '(' comparacion_bool ')' ':' sentencia_ejecutable ';'  (62)
	iteracion_while : WHILE . '(' comparacion_bool ')' ':' '(' ')' sentencia_ejecutable ';'  (63)
	iteracion_while : WHILE . '(' comparacion_bool ')' ':' asignacion sentencia_ejecutable ';'  (64)

	'('  shift 50
	':'  shift 51
	.  error


state 11
	tipo : I32 .  (27)

	.  reduce 27


state 12
	tipo : F32 .  (28)

	.  reduce 28


state 13
	invocacion_con_d : DISCARD . invocacion  (47)

	ID  shift 52
	.  error

	invocacion  goto 53


state 14
	program : header_program '{' '}' .  (4)

	.  reduce 4


state 15
	program : header_program '{' ejecucion . '}' ';'  (1)
	program : header_program '{' ejecucion .  (3)
	ejecucion : ejecucion . sentencia  (36)

	error  shift 5
	ID  shift 6
	IF  shift 7
	OUT  shift 8
	FUN  shift 9
	WHILE  shift 10
	I32  shift 11
	F32  shift 12
	DISCARD  shift 13
	'}'  shift 54
	$end  reduce 3

	declaracion_variables  goto 16
	tipo  goto 17
	lista_variables  goto 18
	sentencia_declarable  goto 19
	funcion  goto 20
	header_funcion  goto 21
	sentencia  goto 55
	sentencia_ejecutable  goto 23
	asignacion  goto 24
	seleccion  goto 25
	impresion  goto 26
	iteracion_while  goto 27
	invocacion_con_d  goto 28
	invocacion  goto 29


state 16
	sentencia_declarable : declaracion_variables .  (11)

	.  reduce 11


state 17
	declaracion_variables : tipo . lista_variables ';'  (6)

	ID  shift 56
	.  error

	lista_variables  goto 57


state 18
	declaracion_variables : lista_variables . ';'  (7)
	declaracion_variables : lista_variables .  (8)
	lista_variables : lista_variables . ',' ID  (9)

	';'  shift 58
	','  shift 59
	$end  reduce 8
	error  reduce 8
	ID  reduce 8
	IF  reduce 8
	OUT  reduce 8
	FUN  reduce 8
	RETURN  reduce 8
	WHILE  reduce 8
	I32  reduce 8
	F32  reduce 8
	DISCARD  reduce 8
	'}'  reduce 8


state 19
	sentencia : sentencia_declarable .  (39)

	.  reduce 39


state 20
	sentencia_declarable : funcion .  (12)

	.  reduce 12


state 21
	funcion : header_funcion . ejecucion_funcion  (13)

	'{'  shift 60
	.  error

	ejecucion_funcion  goto 61


state 22
	ejecucion : sentencia .  (37)

	.  reduce 37


state 23
	sentencia : sentencia_ejecutable .  (38)

	.  reduce 38


state 24
	sentencia_ejecutable : asignacion . ';'  (40)

	';'  shift 62
	.  error


state 25
	sentencia_ejecutable : seleccion . ';'  (41)

	';'  shift 63
	.  error


state 26
	sentencia_ejecutable : impresion . ';'  (42)

	';'  shift 64
	.  error


state 27
	sentencia_ejecutable : iteracion_while .  (43)

	.  reduce 43


state 28
	sentencia_ejecutable : invocacion_con_d .  (44)

	.  reduce 44


state 29
	sentencia_ejecutable : invocacion .  (45)

	.  reduce 45


state 30
	sentencia_ejecutable : error ';' .  (46)

	.  reduce 46


state 31
	asignacion : ID ASIGNACION . expresion  (110)
	asignacion : ID ASIGNACION . iteracion_while else_asignacion_iteracion  (111)
	asignacion : ID ASIGNACION . iteracion_while  (112)

	ID  shift 65
	CTE  shift 35
	WHILE  shift 10
	TOF32  shift 36
	'-'  shift 37
	.  error

	expresion  goto 66
	iteracion_while  goto 67
	invocacion  goto 40
	termino  goto 43
	factor  goto 44
	combinacion_terminales  goto 45


state 32
	invocacion : ID '(' . combinacion_terminales ',' combinacion_terminales ')'  (127)
	invocacion : ID '(' . combinacion_terminales ')'  (128)
	invocacion : ID '(' . ')'  (129)

	ID  shift 68
	CTE  shift 35
	'-'  shift 37
	')'  shift 69
	.  error

	combinacion_terminales  goto 70


state 33
	iteracion_while : ID ':' . WHILE '(' comparacion_bool ')' ':' '(' asignacion ')' '{' ejecucion_iteracion '}' ';'  (52)
	iteracion_while : ID ':' . WHILE '(' comparacion_bool ')' ':' '(' asignacion ')' '{' ejecucion_iteracion break '}' ';'  (53)
	iteracion_while : ID ':' . WHILE '(' comparacion_bool ')' ':' '(' asignacion ')' '{' ejecucion_iteracion continue '}' ';'  (54)
	iteracion_while : ID ':' . WHILE '(' comparacion_bool ')' ':' '(' asignacion ')' sentencia_ejecutable  (55)

	WHILE  shift 71
	.  error


state 34
	combinacion_terminales : ID .  (124)
	invocacion : ID . '(' combinacion_terminales ',' combinacion_terminales ')'  (127)
	invocacion : ID . '(' combinacion_terminales ')'  (128)
	invocacion : ID . '(' ')'  (129)

	'('  shift 32
	error  reduce 124
	ID  reduce 124
	IF  reduce 124
	THEN  reduce 124
	OUT  reduce 124
	WHILE  reduce 124
	MAYOR_IGUAL  reduce 124
	MENOR_IGUAL  reduce 124
	DISTINTO  reduce 124
	DISCARD  reduce 124
	'+'  reduce 124
	'-'  reduce 124
	'*'  reduce 124
	'/'  reduce 124
	'{'  reduce 124
	';'  reduce 124
	')'  reduce 124
	'>'  reduce 124
	'<'  reduce 124
	'='  reduce 124


state 35
	combinacion_terminales : CTE .  (125)

	.  reduce 125


state 36
	expresion : TOF32 . '(' expresion '+' termino ')'  (118)
	expresion : TOF32 . '(' expresion '-' termino ')'  (119)
	expresion : TOF32 . '(' termino ')'  (120)

	'('  shift 72
	.  error


state 37
	combinacion_terminales : '-' . CTE  (126)

	CTE  shift 73
	.  error


state 38
	condicion_salto_if : '(' . comparacion_bool ')'  (98)
	condicion_salto_if : '(' . comparacion_bool  (100)
	condicion_salto_if : '(' . ')'  (102)

	ID  shift 34
	CTE  shift 35
	TOF32  shift 36
	'-'  shift 37
	')'  shift 74
	.  error

	expresion  goto 39
	invocacion  goto 40
	comparacion_bool  goto 75
	termino  goto 43
	factor  goto 44
	combinacion_terminales  goto 45


state 39
	comparacion_bool : expresion . comparador expresion  (103)
	expresion : expresion . '+' termino  (115)
	expresion : expresion . '-' termino  (116)

	MAYOR_IGUAL  shift 76
	MENOR_IGUAL  shift 77
	DISTINTO  shift 78
	'+'  shift 79
	'-'  shift 80
	'>'  shift 81
	'<'  shift 82
	'='  shift 83
	.  error

	comparador  goto 84


state 40
	factor : invocacion .  (131)

	.  reduce 131


state 41
	condicion_salto_if : comparacion_bool . ')'  (99)
	condicion_salto_if : comparacion_bool .  (101)

	')'  shift 85
	error  reduce 101
	ID  reduce 101
	IF  reduce 101
	THEN  reduce 101
	OUT  reduce 101
	WHILE  reduce 101
	DISCARD  reduce 101
	'{'  reduce 101


state 42
	seleccion : IF condicion_salto_if . then_seleccion_sin_else ENDIF  (71)
	seleccion : IF condicion_salto_if . then_seleccion else_seleccion ENDIF  (72)
	seleccion : IF condicion_salto_if . '{' ejecucion_control '}' else_seleccion ENDIF  (73)
	seleccion : IF condicion_salto_if . then_seleccion '{' ejecucion_control '}' ENDIF  (74)
	seleccion : IF condicion_salto_if . THEN ENDIF  (75)
	seleccion : IF condicion_salto_if . then_seleccion ELSE ENDIF  (76)
	seleccion : IF condicion_salto_if . THEN else_seleccion ENDIF  (77)
	seleccion : IF condicion_salto_if . then_seleccion_sin_else  (78)
	seleccion : IF condicion_salto_if . then_seleccion else_seleccion  (79)

	error  shift 5
	ID  shift 86
	IF  shift 7
	THEN  shift 87
	OUT  shift 8
	WHILE  shift 10
	DISCARD  shift 13
	'{'  shift 88
	.  error

	sentencia_ejecutable  goto 89
	asignacion  goto 24
	seleccion  goto 25
	impresion  goto 26
	iteracion_while  goto 27
	invocacion_con_d  goto 28
	invocacion  goto 29
	then_seleccion_sin_else  goto 90
	then_seleccion  goto 91


state 43
	expresion : termino .  (117)
	termino : termino . '*' factor  (121)
	termino : termino . '/' factor  (122)

	'*'  shift 92
	'/'  shift 93
	error  reduce 117
	ID  reduce 117
	IF  reduce 117
	THEN  reduce 117
	OUT  reduce 117
	WHILE  reduce 117
	MAYOR_IGUAL  reduce 117
	MENOR_IGUAL  reduce 117
	DISTINTO  reduce 117
	DISCARD  reduce 117
	'+'  reduce 117
	'-'  reduce 117
	'{'  reduce 117
	';'  reduce 117
	')'  reduce 117
	'>'  reduce 117
	'<'  reduce 117
	'='  reduce 117


state 44
	termino : factor .  (123)

	.  reduce 123


state 45
	factor : combinacion_terminales .  (130)

	.  reduce 130


state 46
	impresion : OUT CADENA .  (135)

	.  reduce 135


state 47
	impresion : OUT '(' . CADENA ')'  (132)
	impresion : OUT '(' . ')'  (133)

	CADENA  shift 94
	')'  shift 95
	.  error


state 48
	header_funcion : FUN ID . '(' lista_parametros ')' ':' tipo  (14)
	header_funcion : FUN ID . '(' ')' ':' tipo  (15)
	header_funcion : FUN ID . '(' lista_parametros ')' ':'  (16)
	header_funcion : FUN ID . '(' lista_parametros ')'  (17)
	header_funcion : FUN ID . lista_parametros ':' tipo  (20)
	header_funcion : FUN ID . ':' tipo  (21)

	ID  shift 96
	I32  shift 11
	F32  shift 12
	'('  shift 97
	':'  shift 98
	.  error

	tipo  goto 99
	lista_parametros  goto 100
	parametro  goto 101


state 49
	header_funcion : FUN '(' . lista_parametros ')' ':' tipo  (18)
	header_funcion : FUN '(' . ')' ':' tipo  (19)

	ID  shift 96
	I32  shift 11
	F32  shift 12
	')'  shift 102
	.  error

	tipo  goto 99
	lista_parametros  goto 103
	parametro  goto 101


state 50
	iteracion_while : WHILE '(' . comparacion_bool ')' ':' '(' asignacion ')' '{' ejecucion_iteracion '}' ';'  (48)
	iteracion_while : WHILE '(' . comparacion_bool ')' ':' '(' asignacion ')' '{' ejecucion_iteracion break '}' ';'  (49)
	iteracion_while : WHILE '(' . comparacion_bool ')' ':' '(' asignacion ')' '{' ejecucion_iteracion continue '}' ';'  (50)
	iteracion_while : WHILE '(' . comparacion_bool ')' ':' '(' asignacion ')' sentencia_ejecutable  (51)
	iteracion_while : WHILE '(' . comparacion_bool ')' '(' asignacion ')' '{' ejecucion_iteracion '}' ';'  (57)
	iteracion_while : WHILE '(' . comparacion_bool ')' ':' '(' asignacion ')' '{' '}' ';'  (58)
	iteracion_while : WHILE '(' . ')' ':' '(' asignacion ')' '{' ejecucion_iteracion '}' ';'  (59)
	iteracion_while : WHILE '(' . comparacion_bool ')' ':' '(' ')' '{' ejecucion_iteracion '}' ';'  (60)
	iteracion_while : WHILE '(' . comparacion_bool ')' '(' asignacion ')' sentencia_ejecutable ';'  (61)
	iteracion_while : WHILE '(' . comparacion_bool ')' ':' sentencia_ejecutable ';'  (62)
	iteracion_while : WHILE '(' . comparacion_bool ')' ':' '(' ')' sentencia_ejecutable ';'  (63)
	iteracion_while : WHILE '(' . comparacion_bool ')' ':' asignacion sentencia_ejecutable ';'  (64)

	ID  shift 34
	CTE  shift 35
	TOF32  shift 36
	'-'  shift 37
	')'  shift 104
	.  error

	expresion  goto 39
	invocacion  goto 40
	comparacion_bool  goto 105
	termino  goto 43
	factor  goto 44
	combinacion_terminales  goto 45


state 51
	iteracion_while : WHILE ':' . '(' asignacion ')' '{' ejecucion_iteracion '}' ';'  (56)

	'('  shift 106
	.  error


state 52
	invocacion : ID . '(' combinacion_terminales ',' combinacion_terminales ')'  (127)
	invocacion : ID . '(' combinacion_terminales ')'  (128)
	invocacion : ID . '(' ')'  (129)

	'('  shift 32
	.  error


state 53
	invocacion_con_d : DISCARD invocacion .  (47)

	.  reduce 47


state 54
	program : header_program '{' ejecucion '}' . ';'  (1)

	';'  shift 107
	.  error


state 55
	ejecucion : ejecucion sentencia .  (36)

	.  reduce 36


state 56
	lista_variables : ID .  (10)

	.  reduce 10


state 57
	declaracion_variables : tipo lista_variables . ';'  (6)
	lista_variables : lista_variables . ',' ID  (9)

	';'  shift 108
	','  shift 59
	.  error


state 58
	declaracion_variables : lista_variables ';' .  (7)

	.  reduce 7


state 59
	lista_variables : lista_variables ',' . ID  (9)

	ID  shift 109
	.  error


state 60
	ejecucion_funcion : '{' . bloque_funcion RETURN '(' expresion ')' ';' '}' ';'  (29)
	ejecucion_funcion : '{' . RETURN '(' expresion ')' ';' '}' ';'  (30)
	ejecucion_funcion : '{' . bloque_funcion RETURN '(' expresion ')' ';' bloque_funcion '}' ';'  (31)

	error  shift 5
	ID  shift 6
	IF  shift 7
	OUT  shift 8
	FUN  shift 9
	RETURN  shift 110
	WHILE  shift 10
	I32  shift 11
	F32  shift 12
	DISCARD  shift 13
	.  error

	declaracion_variables  goto 16
	tipo  goto 17
	lista_variables  goto 18
	sentencia_declarable  goto 19
	funcion  goto 20
	header_funcion  goto 21
	bloque_funcion  goto 111
	sentencia  goto 112
	sentencia_ejecutable  goto 23
	asignacion  goto 24
	seleccion  goto 25
	impresion  goto 26
	iteracion_while  goto 27
	invocacion_con_d  goto 28
	invocacion  goto 29


state 61
	funcion : header_funcion ejecucion_funcion .  (13)

	.  reduce 13


state 62
	sentencia_ejecutable : asignacion ';' .  (40)

	.  reduce 40


state 63
	sentencia_ejecutable : seleccion ';' .  (41)

	.  reduce 41


state 64
	sentencia_ejecutable : impresion ';' .  (42)

	.  reduce 42


state 65
	iteracion_while : ID . ':' WHILE '(' comparacion_bool ')' ':' '(' asignacion ')' '{' ejecucion_iteracion '}' ';'  (52)
	iteracion_while : ID . ':' WHILE '(' comparacion_bool ')' ':' '(' asignacion ')' '{' ejecucion_iteracion break '}' ';'  (53)
	iteracion_while : ID . ':' WHILE '(' comparacion_bool ')' ':' '(' asignacion ')' '{' ejecucion_iteracion continue '}' ';'  (54)
	iteracion_while : ID . ':' WHILE '(' comparacion_bool ')' ':' '(' asignacion ')' sentencia_ejecutable  (55)
	combinacion_terminales : ID .  (124)
	invocacion : ID . '(' combinacion_terminales ',' combinacion_terminales ')'  (127)
	invocacion : ID . '(' combinacion_terminales ')'  (128)
	invocacion : ID . '(' ')'  (129)

	'('  shift 32
	':'  shift 33
	error  reduce 124
	ID  reduce 124
	IF  reduce 124
	OUT  reduce 124
	WHILE  reduce 124
	DISCARD  reduce 124
	'+'  reduce 124
	'-'  reduce 124
	'*'  reduce 124
	'/'  reduce 124
	';'  reduce 124
	')'  reduce 124


state 66
	asignacion : ID ASIGNACION expresion .  (110)
	expresion : expresion . '+' termino  (115)
	expresion : expresion . '-' termino  (116)

	'+'  shift 79
	'-'  shift 80
	error  reduce 110
	ID  reduce 110
	IF  reduce 110
	OUT  reduce 110
	WHILE  reduce 110
	DISCARD  reduce 110
	';'  reduce 110
	')'  reduce 110


state 67
	asignacion : ID ASIGNACION iteracion_while . else_asignacion_iteracion  (111)
	asignacion : ID ASIGNACION iteracion_while .  (112)

	ELSE  shift 113
	error  reduce 112
	ID  reduce 112
	IF  reduce 112
	OUT  reduce 112
	WHILE  reduce 112
	DISCARD  reduce 112
	';'  reduce 112
	')'  reduce 112

	else_asignacion_iteracion  goto 114


state 68
	combinacion_terminales : ID .  (124)

	.  reduce 124


state 69
	invocacion : ID '(' ')' .  (129)

	.  reduce 129


state 70
	invocacion : ID '(' combinacion_terminales . ',' combinacion_terminales ')'  (127)
	invocacion : ID '(' combinacion_terminales . ')'  (128)

	','  shift 115
	')'  shift 116
	.  error


state 71
	iteracion_while : ID ':' WHILE . '(' comparacion_bool ')' ':' '(' asignacion ')' '{' ejecucion_iteracion '}' ';'  (52)
	iteracion_while : ID ':' WHILE . '(' comparacion_bool ')' ':' '(' asignacion ')' '{' ejecucion_iteracion break '}' ';'  (53)
	iteracion_while : ID ':' WHILE . '(' comparacion_bool ')' ':' '(' asignacion ')' '{' ejecucion_iteracion continue '}' ';'  (54)
	iteracion_while : ID ':' WHILE . '(' comparacion_bool ')' ':' '(' asignacion ')' sentencia_ejecutable  (55)

	'('  shift 117
	.  error


state 72
	expresion : TOF32 '(' . expresion '+' termino ')'  (118)
	expresion : TOF32 '(' . expresion '-' termino ')'  (119)
	expresion : TOF32 '(' . termino ')'  (120)

	ID  shift 34
	CTE  shift 35
	TOF32  shift 36
	'-'  shift 37
	.  error

	expresion  goto 118
	invocacion  goto 40
	termino  goto 119
	factor  goto 44
	combinacion_terminales  goto 45


state 73
	combinacion_terminales : '-' CTE .  (126)

	.  reduce 126


state 74
	condicion_salto_if : '(' ')' .  (102)

	.  reduce 102


state 75
	condicion_salto_if : '(' comparacion_bool . ')'  (98)
	condicion_salto_if : '(' comparacion_bool .  (100)

	')'  shift 120
	error  reduce 100
	ID  reduce 100
	IF  reduce 100
	THEN  reduce 100
	OUT  reduce 100
	WHILE  reduce 100
	DISCARD  reduce 100
	'{'  reduce 100


state 76
	comparador : MAYOR_IGUAL .  (107)

	.  reduce 107


state 77
	comparador : MENOR_IGUAL .  (108)

	.  reduce 108


state 78
	comparador : DISTINTO .  (109)

	.  reduce 109


state 79
	expresion : expresion '+' . termino  (115)

	ID  shift 34
	CTE  shift 35
	'-'  shift 37
	.  error

	invocacion  goto 40
	termino  goto 121
	factor  goto 44
	combinacion_terminales  goto 45


state 80
	expresion : expresion '-' . termino  (116)

	ID  shift 34
	CTE  shift 35
	'-'  shift 37
	.  error

	invocacion  goto 40
	termino  goto 122
	factor  goto 44
	combinacion_terminales  goto 45


state 81
	comparador : '>' .  (104)

	.  reduce 104


state 82
	comparador : '<' .  (105)

	.  reduce 105


state 83
	comparador : '=' .  (106)

	.  reduce 106


state 84
	comparacion_bool : expresion comparador . expresion  (103)

	ID  shift 34
	CTE  shift 35
	TOF32  shift 36
	'-'  shift 37
	.  error

	expresion  goto 123
	invocacion  goto 40
	termino  goto 43
	factor  goto 44
	combinacion_terminales  goto 45


state 85
	condicion_salto_if : comparacion_bool ')' .  (99)

	.  reduce 99


state 86
	iteracion_while : ID . ':' WHILE '(' comparacion_bool ')' ':' '(' asignacion ')' '{' ejecucion_iteracion '}' ';'  (52)
	iteracion_while : ID . ':' WHILE '(' comparacion_bool ')' ':' '(' asignacion ')' '{' ejecucion_iteracion break '}' ';'  (53)
	iteracion_while : ID . ':' WHILE '(' comparacion_bool ')' ':' '(' asignacion ')' '{' ejecucion_iteracion continue '}' ';'  (54)
	iteracion_while : ID . ':' WHILE '(' comparacion_bool ')' ':' '(' asignacion ')' sentencia_ejecutable  (55)
	asignacion : ID . ASIGNACION expresion  (110)
	asignacion : ID . ASIGNACION iteracion_while else_asignacion_iteracion  (111)
	asignacion : ID . ASIGNACION iteracion_while  (112)
	invocacion : ID . '(' combinacion_terminales ',' combinacion_terminales ')'  (127)
	invocacion : ID . '(' combinacion_terminales ')'  (128)
	invocacion : ID . '(' ')'  (129)

	ASIGNACION  shift 31
	'('  shift 32
	':'  shift 33
	.  error


state 87
	seleccion : IF condicion_salto_if THEN . ENDIF  (75)
	seleccion : IF condicion_salto_if THEN . else_seleccion ENDIF  (77)
	then_seleccion : THEN . '{' ejecucion_control '}' ';'  (80)
	then_seleccion : THEN . sentencia_ejecutable  (81)
	then_seleccion : THEN . '{' ejecucion_control  (84)
	then_seleccion : THEN . '{' '}'  (85)
	then_seleccion : THEN . ejecucion_control '}'  (86)
	then_seleccion_sin_else : THEN . '{' ejecucion_control '}' ';'  (87)
	then_seleccion_sin_else : THEN . sentencia_ejecutable  (88)
	then_seleccion_sin_else : THEN . '{' ejecucion_control  (91)
	then_seleccion_sin_else : THEN . '{' '}'  (92)
	then_seleccion_sin_else : THEN . ejecucion_control '}'  (93)

	error  shift 5
	ID  shift 86
	IF  shift 7
	ELSE  shift 124
	ENDIF  shift 125
	OUT  shift 8
	WHILE  shift 10
	DISCARD  shift 13
	'{'  shift 126
	.  error

	ejecucion_control  goto 127
	sentencia_ejecutable  goto 128
	asignacion  goto 24
	seleccion  goto 25
	impresion  goto 26
	iteracion_while  goto 27
	invocacion_con_d  goto 28
	invocacion  goto 29
	else_seleccion  goto 129


state 88
	seleccion : IF condicion_salto_if '{' . ejecucion_control '}' else_seleccion ENDIF  (73)
	then_seleccion : '{' . ejecucion_control '}' ';'  (82)
	then_seleccion_sin_else : '{' . ejecucion_control '}' ';'  (89)

	error  shift 5
	ID  shift 86
	IF  shift 7
	OUT  shift 8
	WHILE  shift 10
	DISCARD  shift 13
	.  error

	ejecucion_control  goto 130
	sentencia_ejecutable  goto 131
	asignacion  goto 24
	seleccion  goto 25
	impresion  goto 26
	iteracion_while  goto 27
	invocacion_con_d  goto 28
	invocacion  goto 29


state 89
	then_seleccion : sentencia_ejecutable .  (83)
	then_seleccion_sin_else : sentencia_ejecutable .  (90)

	ELSE  reduce 83
	ENDIF  reduce 90
	'{'  reduce 83
	';'  reduce 90


state 90
	seleccion : IF condicion_salto_if then_seleccion_sin_else . ENDIF  (71)
	seleccion : IF condicion_salto_if then_seleccion_sin_else .  (78)

	ENDIF  shift 132
	';'  reduce 78


state 91
	seleccion : IF condicion_salto_if then_seleccion . else_seleccion ENDIF  (72)
	seleccion : IF condicion_salto_if then_seleccion . '{' ejecucion_control '}' ENDIF  (74)
	seleccion : IF condicion_salto_if then_seleccion . ELSE ENDIF  (76)
	seleccion : IF condicion_salto_if then_seleccion . else_seleccion  (79)

	ELSE  shift 133
	'{'  shift 134
	.  error

	else_seleccion  goto 135


state 92
	termino : termino '*' . factor  (121)

	ID  shift 34
	CTE  shift 35
	'-'  shift 37
	.  error

	invocacion  goto 40
	factor  goto 136
	combinacion_terminales  goto 45


state 93
	termino : termino '/' . factor  (122)

	ID  shift 34
	CTE  shift 35
	'-'  shift 37
	.  error

	invocacion  goto 40
	factor  goto 137
	combinacion_terminales  goto 45


state 94
	impresion : OUT '(' CADENA . ')'  (132)

	')'  shift 138
	.  error


state 95
	impresion : OUT '(' ')' .  (133)

	.  reduce 133


state 96
	parametro : ID .  (25)

	.  reduce 25


state 97
	header_funcion : FUN ID '(' . lista_parametros ')' ':' tipo  (14)
	header_funcion : FUN ID '(' . ')' ':' tipo  (15)
	header_funcion : FUN ID '(' . lista_parametros ')' ':'  (16)
	header_funcion : FUN ID '(' . lista_parametros ')'  (17)

	ID  shift 96
	I32  shift 11
	F32  shift 12
	')'  shift 139
	.  error

	tipo  goto 99
	lista_parametros  goto 140
	parametro  goto 101


state 98
	header_funcion : FUN ID ':' . tipo  (21)

	I32  shift 11
	F32  shift 12
	.  error

	tipo  goto 141


state 99
	parametro : tipo . ID  (24)
	parametro : tipo .  (26)

	ID  shift 142
	','  reduce 26
	')'  reduce 26
	':'  reduce 26


state 100
	header_funcion : FUN ID lista_parametros . ':' tipo  (20)

	':'  shift 143
	.  error


state 101
	lista_parametros : parametro .  (22)
	lista_parametros : parametro . ',' parametro  (23)

	','  shift 144
	')'  reduce 22
	':'  reduce 22


state 102
	header_funcion : FUN '(' ')' . ':' tipo  (19)

	':'  shift 145
	.  error


state 103
	header_funcion : FUN '(' lista_parametros . ')' ':' tipo  (18)

	')'  shift 146
	.  error


state 104
	iteracion_while : WHILE '(' ')' . ':' '(' asignacion ')' '{' ejecucion_iteracion '}' ';'  (59)

	':'  shift 147
	.  error


state 105
	iteracion_while : WHILE '(' comparacion_bool . ')' ':' '(' asignacion ')' '{' ejecucion_iteracion '}' ';'  (48)
	iteracion_while : WHILE '(' comparacion_bool . ')' ':' '(' asignacion ')' '{' ejecucion_iteracion break '}' ';'  (49)
	iteracion_while : WHILE '(' comparacion_bool . ')' ':' '(' asignacion ')' '{' ejecucion_iteracion continue '}' ';'  (50)
	iteracion_while : WHILE '(' comparacion_bool . ')' ':' '(' asignacion ')' sentencia_ejecutable  (51)
	iteracion_while : WHILE '(' comparacion_bool . ')' '(' asignacion ')' '{' ejecucion_iteracion '}' ';'  (57)
	iteracion_while : WHILE '(' comparacion_bool . ')' ':' '(' asignacion ')' '{' '}' ';'  (58)
	iteracion_while : WHILE '(' comparacion_bool . ')' ':' '(' ')' '{' ejecucion_iteracion '}' ';'  (60)
	iteracion_while : WHILE '(' comparacion_bool . ')' '(' asignacion ')' sentencia_ejecutable ';'  (61)
	iteracion_while : WHILE '(' comparacion_bool . ')' ':' sentencia_ejecutable ';'  (62)
	iteracion_while : WHILE '(' comparacion_bool . ')' ':' '(' ')' sentencia_ejecutable ';'  (63)
	iteracion_while : WHILE '(' comparacion_bool . ')' ':' asignacion sentencia_ejecutable ';'  (64)

	')'  shift 148
	.  error


state 106
	iteracion_while : WHILE ':' '(' . asignacion ')' '{' ejecucion_iteracion '}' ';'  (56)

	ID  shift 149
	.  error

	asignacion  goto 150


state 107
	program : header_program '{' ejecucion '}' ';' .  (1)

	.  reduce 1


state 108
	declaracion_variables : tipo lista_variables ';' .  (6)

	.  reduce 6


state 109
	lista_variables : lista_variables ',' ID .  (9)

	.  reduce 9


state 110
	ejecucion_funcion : '{' RETURN . '(' expresion ')' ';' '}' ';'  (30)

	'('  shift 151
	.  error


state 111
	ejecucion_funcion : '{' bloque_funcion . RETURN '(' expresion ')' ';' '}' ';'  (29)
	ejecucion_funcion : '{' bloque_funcion . RETURN '(' expresion ')' ';' bloque_funcion '}' ';'  (31)
	bloque_funcion : bloque_funcion . sentencia  (32)

	error  shift 5
	ID  shift 6
	IF  shift 7
	OUT  shift 8
	FUN  shift 9
	RETURN  shift 152
	WHILE  shift 10
	I32  shift 11
	F32  shift 12
	DISCARD  shift 13
	.  error

	declaracion_variables  goto 16
	tipo  goto 17
	lista_variables  goto 18
	sentencia_declarable  goto 19
	funcion  goto 20
	header_funcion  goto 21
	sentencia  goto 153
	sentencia_ejecutable  goto 23
	asignacion  goto 24
	seleccion  goto 25
	impresion  goto 26
	iteracion_while  goto 27
	invocacion_con_d  goto 28
	invocacion  goto 29


state 112
	bloque_funcion : sentencia .  (33)

	.  reduce 33


state 113
	else_asignacion_iteracion : ELSE . CTE  (113)
	else_asignacion_iteracion : ELSE . '-' CTE  (114)

	CTE  shift 154
	'-'  shift 155
	.  error


state 114
	asignacion : ID ASIGNACION iteracion_while else_asignacion_iteracion .  (111)

	.  reduce 111


state 115
	invocacion : ID '(' combinacion_terminales ',' . combinacion_terminales ')'  (127)

	ID  shift 68
	CTE  shift 35
	'-'  shift 37
	.  error

	combinacion_terminales  goto 156


state 116
	invocacion : ID '(' combinacion_terminales ')' .  (128)

	.  reduce 128


state 117
	iteracion_while : ID ':' WHILE '(' . comparacion_bool ')' ':' '(' asignacion ')' '{' ejecucion_iteracion '}' ';'  (52)
	iteracion_while : ID ':' WHILE '(' . comparacion_bool ')' ':' '(' asignacion ')' '{' ejecucion_iteracion break '}' ';'  (53)
	iteracion_while : ID ':' WHILE '(' . comparacion_bool ')' ':' '(' asignacion ')' '{' ejecucion_iteracion continue '}' ';'  (54)
	iteracion_while : ID ':' WHILE '(' . comparacion_bool ')' ':' '(' asignacion ')' sentencia_ejecutable  (55)

	ID  shift 34
	CTE  shift 35
	TOF32  shift 36
	'-'  shift 37
	.  error

	expresion  goto 39
	invocacion  goto 40
	comparacion_bool  goto 157
	termino  goto 43
	factor  goto 44
	combinacion_terminales  goto 45


state 118
	expresion : expresion . '+' termino  (115)
	expresion : expresion . '-' termino  (116)
	expresion : TOF32 '(' expresion . '+' termino ')'  (118)
	expresion : TOF32 '(' expresion . '-' termino ')'  (119)

	'+'  shift 158
	'-'  shift 159
	.  error


state 119
	expresion : termino .  (117)
	expresion : TOF32 '(' termino . ')'  (120)
	termino : termino . '*' factor  (121)
	termino : termino . '/' factor  (122)

	'*'  shift 92
	'/'  shift 93
	')'  shift 160
	'+'  reduce 117
	'-'  reduce 117


state 120
	condicion_salto_if : '(' comparacion_bool ')' .  (98)

	.  reduce 98


state 121
	expresion : expresion '+' termino .  (115)
	termino : termino . '*' factor  (121)
	termino : termino . '/' factor  (122)

	'*'  shift 92
	'/'  shift 93
	error  reduce 115
	ID  reduce 115
	IF  reduce 115
	THEN  reduce 115
	OUT  reduce 115
	WHILE  reduce 115
	MAYOR_IGUAL  reduce 115
	MENOR_IGUAL  reduce 115
	DISTINTO  reduce 115
	DISCARD  reduce 115
	'+'  reduce 115
	'-'  reduce 115
	'{'  reduce 115
	';'  reduce 115
	')'  reduce 115
	'>'  reduce 115
	'<'  reduce 115
	'='  reduce 115


state 122
	expresion : expresion '-' termino .  (116)
	termino : termino . '*' factor  (121)
	termino : termino . '/' factor  (122)

	'*'  shift 92
	'/'  shift 93
	error  reduce 116
	ID  reduce 116
	IF  reduce 116
	THEN  reduce 116
	OUT  reduce 116
	WHILE  reduce 116
	MAYOR_IGUAL  reduce 116
	MENOR_IGUAL  reduce 116
	DISTINTO  reduce 116
	DISCARD  reduce 116
	'+'  reduce 116
	'-'  reduce 116
	'{'  reduce 116
	';'  reduce 116
	')'  reduce 116
	'>'  reduce 116
	'<'  reduce 116
	'='  reduce 116


state 123
	comparacion_bool : expresion comparador expresion .  (103)
	expresion : expresion . '+' termino  (115)
	expresion : expresion . '-' termino  (116)

	'+'  shift 79
	'-'  shift 80
	error  reduce 103
	ID  reduce 103
	IF  reduce 103
	THEN  reduce 103
	OUT  reduce 103
	WHILE  reduce 103
	DISCARD  reduce 103
	'{'  reduce 103
	')'  reduce 103


state 124
	else_seleccion : ELSE . '{' ejecucion_control '}' ';'  (94)
	else_seleccion : ELSE . sentencia_ejecutable  (95)
	else_seleccion : ELSE . '{' '}' ';'  (96)
	else_seleccion : ELSE . ejecucion_control '}' ';'  (97)

	error  shift 5
	ID  shift 86
	IF  shift 7
	OUT  shift 8
	WHILE  shift 10
	DISCARD  shift 13
	'{'  shift 161
	.  error

	ejecucion_control  goto 162
	sentencia_ejecutable  goto 163
	asignacion  goto 24
	seleccion  goto 25
	impresion  goto 26
	iteracion_while  goto 27
	invocacion_con_d  goto 28
	invocacion  goto 29


state 125
	seleccion : IF condicion_salto_if THEN ENDIF .  (75)

	.  reduce 75


state 126
	then_seleccion : THEN '{' . ejecucion_control '}' ';'  (80)
	then_seleccion : THEN '{' . ejecucion_control  (84)
	then_seleccion : THEN '{' . '}'  (85)
	then_seleccion_sin_else : THEN '{' . ejecucion_control '}' ';'  (87)
	then_seleccion_sin_else : THEN '{' . ejecucion_control  (91)
	then_seleccion_sin_else : THEN '{' . '}'  (92)

	error  shift 5
	ID  shift 86
	IF  shift 7
	OUT  shift 8
	WHILE  shift 10
	DISCARD  shift 13
	'}'  shift 164
	.  error

	ejecucion_control  goto 165
	sentencia_ejecutable  goto 131
	asignacion  goto 24
	seleccion  goto 25
	impresion  goto 26
	iteracion_while  goto 27
	invocacion_con_d  goto 28
	invocacion  goto 29


state 127
	ejecucion_control : ejecucion_control . sentencia_ejecutable  (34)
	then_seleccion : THEN ejecucion_control . '}'  (86)
	then_seleccion_sin_else : THEN ejecucion_control . '}'  (93)

	error  shift 5
	ID  shift 86
	IF  shift 7
	OUT  shift 8
	WHILE  shift 10
	DISCARD  shift 13
	'}'  shift 166
	.  error

	sentencia_ejecutable  goto 167
	asignacion  goto 24
	seleccion  goto 25
	impresion  goto 26
	iteracion_while  goto 27
	invocacion_con_d  goto 28
	invocacion  goto 29


state 128
	ejecucion_control : sentencia_ejecutable .  (35)
	then_seleccion : THEN sentencia_ejecutable .  (81)
	then_seleccion_sin_else : THEN sentencia_ejecutable .  (88)

	error  reduce 35
	ID  reduce 35
	IF  reduce 35
	ELSE  reduce 81
	ENDIF  reduce 88
	OUT  reduce 35
	WHILE  reduce 35
	DISCARD  reduce 35
	'{'  reduce 81
	'}'  reduce 35
	';'  reduce 88


state 129
	seleccion : IF condicion_salto_if THEN else_seleccion . ENDIF  (77)

	ENDIF  shift 168
	.  error


state 130
	ejecucion_control : ejecucion_control . sentencia_ejecutable  (34)
	seleccion : IF condicion_salto_if '{' ejecucion_control . '}' else_seleccion ENDIF  (73)
	then_seleccion : '{' ejecucion_control . '}' ';'  (82)
	then_seleccion_sin_else : '{' ejecucion_control . '}' ';'  (89)

	error  shift 5
	ID  shift 86
	IF  shift 7
	OUT  shift 8
	WHILE  shift 10
	DISCARD  shift 13
	'}'  shift 169
	.  error

	sentencia_ejecutable  goto 167
	asignacion  goto 24
	seleccion  goto 25
	impresion  goto 26
	iteracion_while  goto 27
	invocacion_con_d  goto 28
	invocacion  goto 29


state 131
	ejecucion_control : sentencia_ejecutable .  (35)

	.  reduce 35


state 132
	seleccion : IF condicion_salto_if then_seleccion_sin_else ENDIF .  (71)

	.  reduce 71


state 133
	seleccion : IF condicion_salto_if then_seleccion ELSE . ENDIF  (76)
	else_seleccion : ELSE . '{' ejecucion_control '}' ';'  (94)
	else_seleccion : ELSE . sentencia_ejecutable  (95)
	else_seleccion : ELSE . '{' '}' ';'  (96)
	else_seleccion : ELSE . ejecucion_control '}' ';'  (97)

	error  shift 5
	ID  shift 86
	IF  shift 7
	ENDIF  shift 170
	OUT  shift 8
	WHILE  shift 10
	DISCARD  shift 13
	'{'  shift 161
	.  error

	ejecucion_control  goto 162
	sentencia_ejecutable  goto 163
	asignacion  goto 24
	seleccion  goto 25
	impresion  goto 26
	iteracion_while  goto 27
	invocacion_con_d  goto 28
	invocacion  goto 29


state 134
	seleccion : IF condicion_salto_if then_seleccion '{' . ejecucion_control '}' ENDIF  (74)

	error  shift 5
	ID  shift 86
	IF  shift 7
	OUT  shift 8
	WHILE  shift 10
	DISCARD  shift 13
	.  error

	ejecucion_control  goto 171
	sentencia_ejecutable  goto 131
	asignacion  goto 24
	seleccion  goto 25
	impresion  goto 26
	iteracion_while  goto 27
	invocacion_con_d  goto 28
	invocacion  goto 29


state 135
	seleccion : IF condicion_salto_if then_seleccion else_seleccion . ENDIF  (72)
	seleccion : IF condicion_salto_if then_seleccion else_seleccion .  (79)

	ENDIF  shift 172
	';'  reduce 79


state 136
	termino : termino '*' factor .  (121)

	.  reduce 121


state 137
	termino : termino '/' factor .  (122)

	.  reduce 122


state 138
	impresion : OUT '(' CADENA ')' .  (132)

	.  reduce 132


state 139
	header_funcion : FUN ID '(' ')' . ':' tipo  (15)

	':'  shift 173
	.  error


state 140
	header_funcion : FUN ID '(' lista_parametros . ')' ':' tipo  (14)
	header_funcion : FUN ID '(' lista_parametros . ')' ':'  (16)
	header_funcion : FUN ID '(' lista_parametros . ')'  (17)

	')'  shift 174
	.  error


state 141
	header_funcion : FUN ID ':' tipo .  (21)

	.  reduce 21


state 142
	parametro : tipo ID .  (24)

	.  reduce 24


state 143
	header_funcion : FUN ID lista_parametros ':' . tipo  (20)

	I32  shift 11
	F32  shift 12
	.  error

	tipo  goto 175


state 144
	lista_parametros : parametro ',' . parametro  (23)

	ID  shift 96
	I32  shift 11
	F32  shift 12
	.  error

	tipo  goto 99
	parametro  goto 176


state 145
	header_funcion : FUN '(' ')' ':' . tipo  (19)

	I32  shift 11
	F32  shift 12
	.  error

	tipo  goto 177


state 146
	header_funcion : FUN '(' lista_parametros ')' . ':' tipo  (18)

	':'  shift 178
	.  error


state 147
	iteracion_while : WHILE '(' ')' ':' . '(' asignacion ')' '{' ejecucion_iteracion '}' ';'  (59)

	'('  shift 179
	.  error


state 148
	iteracion_while : WHILE '(' comparacion_bool ')' . ':' '(' asignacion ')' '{' ejecucion_iteracion '}' ';'  (48)
	iteracion_while : WHILE '(' comparacion_bool ')' . ':' '(' asignacion ')' '{' ejecucion_iteracion break '}' ';'  (49)
	iteracion_while : WHILE '(' comparacion_bool ')' . ':' '(' asignacion ')' '{' ejecucion_iteracion continue '}' ';'  (50)
	iteracion_while : WHILE '(' comparacion_bool ')' . ':' '(' asignacion ')' sentencia_ejecutable  (51)
	iteracion_while : WHILE '(' comparacion_bool ')' . '(' asignacion ')' '{' ejecucion_iteracion '}' ';'  (57)
	iteracion_while : WHILE '(' comparacion_bool ')' . ':' '(' asignacion ')' '{' '}' ';'  (58)
	iteracion_while : WHILE '(' comparacion_bool ')' . ':' '(' ')' '{' ejecucion_iteracion '}' ';'  (60)
	iteracion_while : WHILE '(' comparacion_bool ')' . '(' asignacion ')' sentencia_ejecutable ';'  (61)
	iteracion_while : WHILE '(' comparacion_bool ')' . ':' sentencia_ejecutable ';'  (62)
	iteracion_while : WHILE '(' comparacion_bool ')' . ':' '(' ')' sentencia_ejecutable ';'  (63)
	iteracion_while : WHILE '(' comparacion_bool ')' . ':' asignacion sentencia_ejecutable ';'  (64)

	'('  shift 180
	':'  shift 181
	.  error


state 149
	asignacion : ID . ASIGNACION expresion  (110)
	asignacion : ID . ASIGNACION iteracion_while else_asignacion_iteracion  (111)
	asignacion : ID . ASIGNACION iteracion_while  (112)

	ASIGNACION  shift 31
	.  error


state 150
	iteracion_while : WHILE ':' '(' asignacion . ')' '{' ejecucion_iteracion '}' ';'  (56)

	')'  shift 182
	.  error


state 151
	ejecucion_funcion : '{' RETURN '(' . expresion ')' ';' '}' ';'  (30)

	ID  shift 34
	CTE  shift 35
	TOF32  shift 36
	'-'  shift 37
	.  error

	expresion  goto 183
	invocacion  goto 40
	termino  goto 43
	factor  goto 44
	combinacion_terminales  goto 45


state 152
	ejecucion_funcion : '{' bloque_funcion RETURN . '(' expresion ')' ';' '}' ';'  (29)
	ejecucion_funcion : '{' bloque_funcion RETURN . '(' expresion ')' ';' bloque_funcion '}' ';'  (31)

	'('  shift 184
	.  error


state 153
	bloque_funcion : bloque_funcion sentencia .  (32)

	.  reduce 32


state 154
	else_asignacion_iteracion : ELSE CTE .  (113)

	.  reduce 113


state 155
	else_asignacion_iteracion : ELSE '-' . CTE  (114)

	CTE  shift 185
	.  error


state 156
	invocacion : ID '(' combinacion_terminales ',' combinacion_terminales . ')'  (127)

	')'  shift 186
	.  error


state 157
	iteracion_while : ID ':' WHILE '(' comparacion_bool . ')' ':' '(' asignacion ')' '{' ejecucion_iteracion '}' ';'  (52)
	iteracion_while : ID ':' WHILE '(' comparacion_bool . ')' ':' '(' asignacion ')' '{' ejecucion_iteracion break '}' ';'  (53)
	iteracion_while : ID ':' WHILE '(' comparacion_bool . ')' ':' '(' asignacion ')' '{' ejecucion_iteracion continue '}' ';'  (54)
	iteracion_while : ID ':' WHILE '(' comparacion_bool . ')' ':' '(' asignacion ')' sentencia_ejecutable  (55)

	')'  shift 187
	.  error


state 158
	expresion : expresion '+' . termino  (115)
	expresion : TOF32 '(' expresion '+' . termino ')'  (118)

	ID  shift 34
	CTE  shift 35
	'-'  shift 37
	.  error

	invocacion  goto 40
	termino  goto 188
	factor  goto 44
	combinacion_terminales  goto 45


state 159
	expresion : expresion '-' . termino  (116)
	expresion : TOF32 '(' expresion '-' . termino ')'  (119)

	ID  shift 34
	CTE  shift 35
	'-'  shift 37
	.  error

	invocacion  goto 40
	termino  goto 189
	factor  goto 44
	combinacion_terminales  goto 45


state 160
	expresion : TOF32 '(' termino ')' .  (120)

	.  reduce 120


state 161
	else_seleccion : ELSE '{' . ejecucion_control '}' ';'  (94)
	else_seleccion : ELSE '{' . '}' ';'  (96)

	error  shift 5
	ID  shift 86
	IF  shift 7
	OUT  shift 8
	WHILE  shift 10
	DISCARD  shift 13
	'}'  shift 190
	.  error

	ejecucion_control  goto 191
	sentencia_ejecutable  goto 131
	asignacion  goto 24
	seleccion  goto 25
	impresion  goto 26
	iteracion_while  goto 27
	invocacion_con_d  goto 28
	invocacion  goto 29


state 162
	ejecucion_control : ejecucion_control . sentencia_ejecutable  (34)
	else_seleccion : ELSE ejecucion_control . '}' ';'  (97)

	error  shift 5
	ID  shift 86
	IF  shift 7
	OUT  shift 8
	WHILE  shift 10
	DISCARD  shift 13
	'}'  shift 192
	.  error

	sentencia_ejecutable  goto 167
	asignacion  goto 24
	seleccion  goto 25
	impresion  goto 26
	iteracion_while  goto 27
	invocacion_con_d  goto 28
	invocacion  goto 29


state 163
	ejecucion_control : sentencia_ejecutable .  (35)
	else_seleccion : ELSE sentencia_ejecutable .  (95)

	error  reduce 35
	ID  reduce 35
	IF  reduce 35
	ENDIF  reduce 95
	OUT  reduce 35
	WHILE  reduce 35
	DISCARD  reduce 35
	'}'  reduce 35
	';'  reduce 95


state 164
	then_seleccion : THEN '{' '}' .  (85)
	then_seleccion_sin_else : THEN '{' '}' .  (92)

	ELSE  reduce 85
	ENDIF  reduce 92
	'{'  reduce 85
	';'  reduce 92


state 165
	ejecucion_control : ejecucion_control . sentencia_ejecutable  (34)
	then_seleccion : THEN '{' ejecucion_control . '}' ';'  (80)
	then_seleccion : THEN '{' ejecucion_control .  (84)
	then_seleccion_sin_else : THEN '{' ejecucion_control . '}' ';'  (87)
	then_seleccion_sin_else : THEN '{' ejecucion_control .  (91)

	error  shift 5
	ID  shift 86
	IF  shift 7
	OUT  shift 8
	WHILE  shift 10
	DISCARD  shift 13
	'}'  shift 193
	ELSE  reduce 84
	ENDIF  reduce 91
	'{'  reduce 84
	';'  reduce 91

	sentencia_ejecutable  goto 167
	asignacion  goto 24
	seleccion  goto 25
	impresion  goto 26
	iteracion_while  goto 27
	invocacion_con_d  goto 28
	invocacion  goto 29


state 166
	then_seleccion : THEN ejecucion_control '}' .  (86)
	then_seleccion_sin_else : THEN ejecucion_control '}' .  (93)

	ELSE  reduce 86
	ENDIF  reduce 93
	'{'  reduce 86
	';'  reduce 93


state 167
	ejecucion_control : ejecucion_control sentencia_ejecutable .  (34)

	.  reduce 34


state 168
	seleccion : IF condicion_salto_if THEN else_seleccion ENDIF .  (77)

	.  reduce 77


state 169
	seleccion : IF condicion_salto_if '{' ejecucion_control '}' . else_seleccion ENDIF  (73)
	then_seleccion : '{' ejecucion_control '}' . ';'  (82)
	then_seleccion_sin_else : '{' ejecucion_control '}' . ';'  (89)

	ELSE  shift 124
	';'  shift 194
	.  error

	else_seleccion  goto 195


state 170
	seleccion : IF condicion_salto_if then_seleccion ELSE ENDIF .  (76)

	.  reduce 76


state 171
	ejecucion_control : ejecucion_control . sentencia_ejecutable  (34)
	seleccion : IF condicion_salto_if then_seleccion '{' ejecucion_control . '}' ENDIF  (74)

	error  shift 5
	ID  shift 86
	IF  shift 7
	OUT  shift 8
	WHILE  shift 10
	DISCARD  shift 13
	'}'  shift 196
	.  error

	sentencia_ejecutable  goto 167
	asignacion  goto 24
	seleccion  goto 25
	impresion  goto 26
	iteracion_while  goto 27
	invocacion_con_d  goto 28
	invocacion  goto 29


state 172
	seleccion : IF condicion_salto_if then_seleccion else_seleccion ENDIF .  (72)

	.  reduce 72


state 173
	header_funcion : FUN ID '(' ')' ':' . tipo  (15)

	I32  shift 11
	F32  shift 12
	.  error

	tipo  goto 197


state 174
	header_funcion : FUN ID '(' lista_parametros ')' . ':' tipo  (14)
	header_funcion : FUN ID '(' lista_parametros ')' . ':'  (16)
	header_funcion : FUN ID '(' lista_parametros ')' .  (17)

	':'  shift 198
	'{'  reduce 17


state 175
	header_funcion : FUN ID lista_parametros ':' tipo .  (20)

	.  reduce 20


state 176
	lista_parametros : parametro ',' parametro .  (23)

	.  reduce 23


state 177
	header_funcion : FUN '(' ')' ':' tipo .  (19)

	.  reduce 19


state 178
	header_funcion : FUN '(' lista_parametros ')' ':' . tipo  (18)

	I32  shift 11
	F32  shift 12
	.  error

	tipo  goto 199


state 179
	iteracion_while : WHILE '(' ')' ':' '(' . asignacion ')' '{' ejecucion_iteracion '}' ';'  (59)

	ID  shift 149
	.  error

	asignacion  goto 200


state 180
	iteracion_while : WHILE '(' comparacion_bool ')' '(' . asignacion ')' '{' ejecucion_iteracion '}' ';'  (57)
	iteracion_while : WHILE '(' comparacion_bool ')' '(' . asignacion ')' sentencia_ejecutable ';'  (61)

	ID  shift 149
	.  error

	asignacion  goto 201


state 181
	iteracion_while : WHILE '(' comparacion_bool ')' ':' . '(' asignacion ')' '{' ejecucion_iteracion '}' ';'  (48)
	iteracion_while : WHILE '(' comparacion_bool ')' ':' . '(' asignacion ')' '{' ejecucion_iteracion break '}' ';'  (49)
	iteracion_while : WHILE '(' comparacion_bool ')' ':' . '(' asignacion ')' '{' ejecucion_iteracion continue '}' ';'  (50)
	iteracion_while : WHILE '(' comparacion_bool ')' ':' . '(' asignacion ')' sentencia_ejecutable  (51)
	iteracion_while : WHILE '(' comparacion_bool ')' ':' . '(' asignacion ')' '{' '}' ';'  (58)
	iteracion_while : WHILE '(' comparacion_bool ')' ':' . '(' ')' '{' ejecucion_iteracion '}' ';'  (60)
	iteracion_while : WHILE '(' comparacion_bool ')' ':' . sentencia_ejecutable ';'  (62)
	iteracion_while : WHILE '(' comparacion_bool ')' ':' . '(' ')' sentencia_ejecutable ';'  (63)
	iteracion_while : WHILE '(' comparacion_bool ')' ':' . asignacion sentencia_ejecutable ';'  (64)

	error  shift 5
	ID  shift 86
	IF  shift 7
	OUT  shift 8
	WHILE  shift 10
	DISCARD  shift 13
	'('  shift 202
	.  error

	sentencia_ejecutable  goto 203
	asignacion  goto 204
	seleccion  goto 25
	impresion  goto 26
	iteracion_while  goto 27
	invocacion_con_d  goto 28
	invocacion  goto 29


state 182
	iteracion_while : WHILE ':' '(' asignacion ')' . '{' ejecucion_iteracion '}' ';'  (56)

	'{'  shift 205
	.  error


state 183
	ejecucion_funcion : '{' RETURN '(' expresion . ')' ';' '}' ';'  (30)
	expresion : expresion . '+' termino  (115)
	expresion : expresion . '-' termino  (116)

	'+'  shift 79
	'-'  shift 80
	')'  shift 206
	.  error


state 184
	ejecucion_funcion : '{' bloque_funcion RETURN '(' . expresion ')' ';' '}' ';'  (29)
	ejecucion_funcion : '{' bloque_funcion RETURN '(' . expresion ')' ';' bloque_funcion '}' ';'  (31)

	ID  shift 34
	CTE  shift 35
	TOF32  shift 36
	'-'  shift 37
	.  error

	expresion  goto 207
	invocacion  goto 40
	termino  goto 43
	factor  goto 44
	combinacion_terminales  goto 45


state 185
	else_asignacion_iteracion : ELSE '-' CTE .  (114)

	.  reduce 114


state 186
	invocacion : ID '(' combinacion_terminales ',' combinacion_terminales ')' .  (127)

	.  reduce 127


state 187
	iteracion_while : ID ':' WHILE '(' comparacion_bool ')' . ':' '(' asignacion ')' '{' ejecucion_iteracion '}' ';'  (52)
	iteracion_while : ID ':' WHILE '(' comparacion_bool ')' . ':' '(' asignacion ')' '{' ejecucion_iteracion break '}' ';'  (53)
	iteracion_while : ID ':' WHILE '(' comparacion_bool ')' . ':' '(' asignacion ')' '{' ejecucion_iteracion continue '}' ';'  (54)
	iteracion_while : ID ':' WHILE '(' comparacion_bool ')' . ':' '(' asignacion ')' sentencia_ejecutable  (55)

	':'  shift 208
	.  error


state 188
	expresion : expresion '+' termino .  (115)
	expresion : TOF32 '(' expresion '+' termino . ')'  (118)
	termino : termino . '*' factor  (121)
	termino : termino . '/' factor  (122)

	'*'  shift 92
	'/'  shift 93
	')'  shift 209
	'+'  reduce 115
	'-'  reduce 115


state 189
	expresion : expresion '-' termino .  (116)
	expresion : TOF32 '(' expresion '-' termino . ')'  (119)
	termino : termino . '*' factor  (121)
	termino : termino . '/' factor  (122)

	'*'  shift 92
	'/'  shift 93
	')'  shift 210
	'+'  reduce 116
	'-'  reduce 116


state 190
	else_seleccion : ELSE '{' '}' . ';'  (96)

	';'  shift 211
	.  error


state 191
	ejecucion_control : ejecucion_control . sentencia_ejecutable  (34)
	else_seleccion : ELSE '{' ejecucion_control . '}' ';'  (94)

	error  shift 5
	ID  shift 86
	IF  shift 7
	OUT  shift 8
	WHILE  shift 10
	DISCARD  shift 13
	'}'  shift 212
	.  error

	sentencia_ejecutable  goto 167
	asignacion  goto 24
	seleccion  goto 25
	impresion  goto 26
	iteracion_while  goto 27
	invocacion_con_d  goto 28
	invocacion  goto 29


state 192
	else_seleccion : ELSE ejecucion_control '}' . ';'  (97)

	';'  shift 213
	.  error


state 193
	then_seleccion : THEN '{' ejecucion_control '}' . ';'  (80)
	then_seleccion_sin_else : THEN '{' ejecucion_control '}' . ';'  (87)

	';'  shift 214
	.  error


state 194
	then_seleccion : '{' ejecucion_control '}' ';' .  (82)
	then_seleccion_sin_else : '{' ejecucion_control '}' ';' .  (89)

	ELSE  reduce 82
	ENDIF  reduce 89
	'{'  reduce 82
	';'  reduce 89


state 195
	seleccion : IF condicion_salto_if '{' ejecucion_control '}' else_seleccion . ENDIF  (73)

	ENDIF  shift 215
	.  error


state 196
	seleccion : IF condicion_salto_if then_seleccion '{' ejecucion_control '}' . ENDIF  (74)

	ENDIF  shift 216
	.  error


state 197
	header_funcion : FUN ID '(' ')' ':' tipo .  (15)

	.  reduce 15


state 198
	header_funcion : FUN ID '(' lista_parametros ')' ':' . tipo  (14)
	header_funcion : FUN ID '(' lista_parametros ')' ':' .  (16)

	I32  shift 11
	F32  shift 12
	'{'  reduce 16

	tipo  goto 217


state 199
	header_funcion : FUN '(' lista_parametros ')' ':' tipo .  (18)

	.  reduce 18


state 200
	iteracion_while : WHILE '(' ')' ':' '(' asignacion . ')' '{' ejecucion_iteracion '}' ';'  (59)

	')'  shift 218
	.  error


state 201
	iteracion_while : WHILE '(' comparacion_bool ')' '(' asignacion . ')' '{' ejecucion_iteracion '}' ';'  (57)
	iteracion_while : WHILE '(' comparacion_bool ')' '(' asignacion . ')' sentencia_ejecutable ';'  (61)

	')'  shift 219
	.  error


state 202
	iteracion_while : WHILE '(' comparacion_bool ')' ':' '(' . asignacion ')' '{' ejecucion_iteracion '}' ';'  (48)
	iteracion_while : WHILE '(' comparacion_bool ')' ':' '(' . asignacion ')' '{' ejecucion_iteracion break '}' ';'  (49)
	iteracion_while : WHILE '(' comparacion_bool ')' ':' '(' . asignacion ')' '{' ejecucion_iteracion continue '}' ';'  (50)
	iteracion_while : WHILE '(' comparacion_bool ')' ':' '(' . asignacion ')' sentencia_ejecutable  (51)
	iteracion_while : WHILE '(' comparacion_bool ')' ':' '(' . asignacion ')' '{' '}' ';'  (58)
	iteracion_while : WHILE '(' comparacion_bool ')' ':' '(' . ')' '{' ejecucion_iteracion '}' ';'  (60)
	iteracion_while : WHILE '(' comparacion_bool ')' ':' '(' . ')' sentencia_ejecutable ';'  (63)

	ID  shift 149
	')'  shift 220
	.  error

	asignacion  goto 221


state 203
	iteracion_while : WHILE '(' comparacion_bool ')' ':' sentencia_ejecutable . ';'  (62)

	';'  shift 222
	.  error


state 204
	sentencia_ejecutable : asignacion . ';'  (40)
	iteracion_while : WHILE '(' comparacion_bool ')' ':' asignacion . sentencia_ejecutable ';'  (64)

	error  shift 5
	ID  shift 86
	IF  shift 7
	OUT  shift 8
	WHILE  shift 10
	DISCARD  shift 13
	';'  shift 62
	.  error

	sentencia_ejecutable  goto 223
	asignacion  goto 24
	seleccion  goto 25
	impresion  goto 26
	iteracion_while  goto 27
	invocacion_con_d  goto 28
	invocacion  goto 29


state 205
	iteracion_while : WHILE ':' '(' asignacion ')' '{' . ejecucion_iteracion '}' ';'  (56)

	error  shift 5
	ID  shift 86
	IF  shift 7
	OUT  shift 8
	WHILE  shift 10
	DISCARD  shift 13
	.  error

	sentencia_ejecutable  goto 224
	asignacion  goto 24
	seleccion  goto 25
	impresion  goto 26
	iteracion_while  goto 27
	invocacion_con_d  goto 28
	invocacion  goto 29
	ejecucion_iteracion  goto 225


state 206
	ejecucion_funcion : '{' RETURN '(' expresion ')' . ';' '}' ';'  (30)

	';'  shift 226
	.  error


state 207
	ejecucion_funcion : '{' bloque_funcion RETURN '(' expresion . ')' ';' '}' ';'  (29)
	ejecucion_funcion : '{' bloque_funcion RETURN '(' expresion . ')' ';' bloque_funcion '}' ';'  (31)
	expresion : expresion . '+' termino  (115)
	expresion : expresion . '-' termino  (116)

	'+'  shift 79
	'-'  shift 80
	')'  shift 227
	.  error


state 208
	iteracion_while : ID ':' WHILE '(' comparacion_bool ')' ':' . '(' asignacion ')' '{' ejecucion_iteracion '}' ';'  (52)
	iteracion_while : ID ':' WHILE '(' comparacion_bool ')' ':' . '(' asignacion ')' '{' ejecucion_iteracion break '}' ';'  (53)
	iteracion_while : ID ':' WHILE '(' comparacion_bool ')' ':' . '(' asignacion ')' '{' ejecucion_iteracion continue '}' ';'  (54)
	iteracion_while : ID ':' WHILE '(' comparacion_bool ')' ':' . '(' asignacion ')' sentencia_ejecutable  (55)

	'('  shift 228
	.  error


state 209
	expresion : TOF32 '(' expresion '+' termino ')' .  (118)

	.  reduce 118


state 210
	expresion : TOF32 '(' expresion '-' termino ')' .  (119)

	.  reduce 119


state 211
	else_seleccion : ELSE '{' '}' ';' .  (96)

	.  reduce 96


state 212
	else_seleccion : ELSE '{' ejecucion_control '}' . ';'  (94)

	';'  shift 229
	.  error


state 213
	else_seleccion : ELSE ejecucion_control '}' ';' .  (97)

	.  reduce 97


state 214
	then_seleccion : THEN '{' ejecucion_control '}' ';' .  (80)
	then_seleccion_sin_else : THEN '{' ejecucion_control '}' ';' .  (87)

	ELSE  reduce 80
	ENDIF  reduce 87
	'{'  reduce 80
	';'  reduce 87


state 215
	seleccion : IF condicion_salto_if '{' ejecucion_control '}' else_seleccion ENDIF .  (73)

	.  reduce 73


state 216
	seleccion : IF condicion_salto_if then_seleccion '{' ejecucion_control '}' ENDIF .  (74)

	.  reduce 74


state 217
	header_funcion : FUN ID '(' lista_parametros ')' ':' tipo .  (14)

	.  reduce 14


state 218
	iteracion_while : WHILE '(' ')' ':' '(' asignacion ')' . '{' ejecucion_iteracion '}' ';'  (59)

	'{'  shift 230
	.  error


state 219
	iteracion_while : WHILE '(' comparacion_bool ')' '(' asignacion ')' . '{' ejecucion_iteracion '}' ';'  (57)
	iteracion_while : WHILE '(' comparacion_bool ')' '(' asignacion ')' . sentencia_ejecutable ';'  (61)

	error  shift 5
	ID  shift 86
	IF  shift 7
	OUT  shift 8
	WHILE  shift 10
	DISCARD  shift 13
	'{'  shift 231
	.  error

	sentencia_ejecutable  goto 232
	asignacion  goto 24
	seleccion  goto 25
	impresion  goto 26
	iteracion_while  goto 27
	invocacion_con_d  goto 28
	invocacion  goto 29


state 220
	iteracion_while : WHILE '(' comparacion_bool ')' ':' '(' ')' . '{' ejecucion_iteracion '}' ';'  (60)
	iteracion_while : WHILE '(' comparacion_bool ')' ':' '(' ')' . sentencia_ejecutable ';'  (63)

	error  shift 5
	ID  shift 86
	IF  shift 7
	OUT  shift 8
	WHILE  shift 10
	DISCARD  shift 13
	'{'  shift 233
	.  error

	sentencia_ejecutable  goto 234
	asignacion  goto 24
	seleccion  goto 25
	impresion  goto 26
	iteracion_while  goto 27
	invocacion_con_d  goto 28
	invocacion  goto 29


state 221
	iteracion_while : WHILE '(' comparacion_bool ')' ':' '(' asignacion . ')' '{' ejecucion_iteracion '}' ';'  (48)
	iteracion_while : WHILE '(' comparacion_bool ')' ':' '(' asignacion . ')' '{' ejecucion_iteracion break '}' ';'  (49)
	iteracion_while : WHILE '(' comparacion_bool ')' ':' '(' asignacion . ')' '{' ejecucion_iteracion continue '}' ';'  (50)
	iteracion_while : WHILE '(' comparacion_bool ')' ':' '(' asignacion . ')' sentencia_ejecutable  (51)
	iteracion_while : WHILE '(' comparacion_bool ')' ':' '(' asignacion . ')' '{' '}' ';'  (58)

	')'  shift 235
	.  error


state 222
	iteracion_while : WHILE '(' comparacion_bool ')' ':' sentencia_ejecutable ';' .  (62)

	.  reduce 62


state 223
	iteracion_while : WHILE '(' comparacion_bool ')' ':' asignacion sentencia_ejecutable . ';'  (64)

	';'  shift 236
	.  error


state 224
	ejecucion_iteracion : sentencia_ejecutable .  (66)

	.  reduce 66


state 225
	iteracion_while : WHILE ':' '(' asignacion ')' '{' ejecucion_iteracion . '}' ';'  (56)
	ejecucion_iteracion : ejecucion_iteracion . sentencia_ejecutable  (65)

	error  shift 5
	ID  shift 86
	IF  shift 7
	OUT  shift 8
	WHILE  shift 10
	DISCARD  shift 13
	'}'  shift 237
	.  error

	sentencia_ejecutable  goto 238
	asignacion  goto 24
	seleccion  goto 25
	impresion  goto 26
	iteracion_while  goto 27
	invocacion_con_d  goto 28
	invocacion  goto 29


state 226
	ejecucion_funcion : '{' RETURN '(' expresion ')' ';' . '}' ';'  (30)

	'}'  shift 239
	.  error


state 227
	ejecucion_funcion : '{' bloque_funcion RETURN '(' expresion ')' . ';' '}' ';'  (29)
	ejecucion_funcion : '{' bloque_funcion RETURN '(' expresion ')' . ';' bloque_funcion '}' ';'  (31)

	';'  shift 240
	.  error


state 228
	iteracion_while : ID ':' WHILE '(' comparacion_bool ')' ':' '(' . asignacion ')' '{' ejecucion_iteracion '}' ';'  (52)
	iteracion_while : ID ':' WHILE '(' comparacion_bool ')' ':' '(' . asignacion ')' '{' ejecucion_iteracion break '}' ';'  (53)
	iteracion_while : ID ':' WHILE '(' comparacion_bool ')' ':' '(' . asignacion ')' '{' ejecucion_iteracion continue '}' ';'  (54)
	iteracion_while : ID ':' WHILE '(' comparacion_bool ')' ':' '(' . asignacion ')' sentencia_ejecutable  (55)

	ID  shift 149
	.  error

	asignacion  goto 241


state 229
	else_seleccion : ELSE '{' ejecucion_control '}' ';' .  (94)

	.  reduce 94


state 230
	iteracion_while : WHILE '(' ')' ':' '(' asignacion ')' '{' . ejecucion_iteracion '}' ';'  (59)

	error  shift 5
	ID  shift 86
	IF  shift 7
	OUT  shift 8
	WHILE  shift 10
	DISCARD  shift 13
	.  error

	sentencia_ejecutable  goto 224
	asignacion  goto 24
	seleccion  goto 25
	impresion  goto 26
	iteracion_while  goto 27
	invocacion_con_d  goto 28
	invocacion  goto 29
	ejecucion_iteracion  goto 242


state 231
	iteracion_while : WHILE '(' comparacion_bool ')' '(' asignacion ')' '{' . ejecucion_iteracion '}' ';'  (57)

	error  shift 5
	ID  shift 86
	IF  shift 7
	OUT  shift 8
	WHILE  shift 10
	DISCARD  shift 13
	.  error

	sentencia_ejecutable  goto 224
	asignacion  goto 24
	seleccion  goto 25
	impresion  goto 26
	iteracion_while  goto 27
	invocacion_con_d  goto 28
	invocacion  goto 29
	ejecucion_iteracion  goto 243


state 232
	iteracion_while : WHILE '(' comparacion_bool ')' '(' asignacion ')' sentencia_ejecutable . ';'  (61)

	';'  shift 244
	.  error


state 233
	iteracion_while : WHILE '(' comparacion_bool ')' ':' '(' ')' '{' . ejecucion_iteracion '}' ';'  (60)

	error  shift 5
	ID  shift 86
	IF  shift 7
	OUT  shift 8
	WHILE  shift 10
	DISCARD  shift 13
	.  error

	sentencia_ejecutable  goto 224
	asignacion  goto 24
	seleccion  goto 25
	impresion  goto 26
	iteracion_while  goto 27
	invocacion_con_d  goto 28
	invocacion  goto 29
	ejecucion_iteracion  goto 245


state 234
	iteracion_while : WHILE '(' comparacion_bool ')' ':' '(' ')' sentencia_ejecutable . ';'  (63)

	';'  shift 246
	.  error


state 235
	iteracion_while : WHILE '(' comparacion_bool ')' ':' '(' asignacion ')' . '{' ejecucion_iteracion '}' ';'  (48)
	iteracion_while : WHILE '(' comparacion_bool ')' ':' '(' asignacion ')' . '{' ejecucion_iteracion break '}' ';'  (49)
	iteracion_while : WHILE '(' comparacion_bool ')' ':' '(' asignacion ')' . '{' ejecucion_iteracion continue '}' ';'  (50)
	iteracion_while : WHILE '(' comparacion_bool ')' ':' '(' asignacion ')' . sentencia_ejecutable  (51)
	iteracion_while : WHILE '(' comparacion_bool ')' ':' '(' asignacion ')' . '{' '}' ';'  (58)

	error  shift 5
	ID  shift 86
	IF  shift 7
	OUT  shift 8
	WHILE  shift 10
	DISCARD  shift 13
	'{'  shift 247
	.  error

	sentencia_ejecutable  goto 248
	asignacion  goto 24
	seleccion  goto 25
	impresion  goto 26
	iteracion_while  goto 27
	invocacion_con_d  goto 28
	invocacion  goto 29


state 236
	iteracion_while : WHILE '(' comparacion_bool ')' ':' asignacion sentencia_ejecutable ';' .  (64)

	.  reduce 64


state 237
	iteracion_while : WHILE ':' '(' asignacion ')' '{' ejecucion_iteracion '}' . ';'  (56)

	';'  shift 249
	.  error


state 238
	ejecucion_iteracion : ejecucion_iteracion sentencia_ejecutable .  (65)

	.  reduce 65


state 239
	ejecucion_funcion : '{' RETURN '(' expresion ')' ';' '}' . ';'  (30)

	';'  shift 250
	.  error


state 240
	ejecucion_funcion : '{' bloque_funcion RETURN '(' expresion ')' ';' . '}' ';'  (29)
	ejecucion_funcion : '{' bloque_funcion RETURN '(' expresion ')' ';' . bloque_funcion '}' ';'  (31)

	error  shift 5
	ID  shift 6
	IF  shift 7
	OUT  shift 8
	FUN  shift 9
	WHILE  shift 10
	I32  shift 11
	F32  shift 12
	DISCARD  shift 13
	'}'  shift 251
	.  error

	declaracion_variables  goto 16
	tipo  goto 17
	lista_variables  goto 18
	sentencia_declarable  goto 19
	funcion  goto 20
	header_funcion  goto 21
	bloque_funcion  goto 252
	sentencia  goto 112
	sentencia_ejecutable  goto 23
	asignacion  goto 24
	seleccion  goto 25
	impresion  goto 26
	iteracion_while  goto 27
	invocacion_con_d  goto 28
	invocacion  goto 29


state 241
	iteracion_while : ID ':' WHILE '(' comparacion_bool ')' ':' '(' asignacion . ')' '{' ejecucion_iteracion '}' ';'  (52)
	iteracion_while : ID ':' WHILE '(' comparacion_bool ')' ':' '(' asignacion . ')' '{' ejecucion_iteracion break '}' ';'  (53)
	iteracion_while : ID ':' WHILE '(' comparacion_bool ')' ':' '(' asignacion . ')' '{' ejecucion_iteracion continue '}' ';'  (54)
	iteracion_while : ID ':' WHILE '(' comparacion_bool ')' ':' '(' asignacion . ')' sentencia_ejecutable  (55)

	')'  shift 253
	.  error


state 242
	iteracion_while : WHILE '(' ')' ':' '(' asignacion ')' '{' ejecucion_iteracion . '}' ';'  (59)
	ejecucion_iteracion : ejecucion_iteracion . sentencia_ejecutable  (65)

	error  shift 5
	ID  shift 86
	IF  shift 7
	OUT  shift 8
	WHILE  shift 10
	DISCARD  shift 13
	'}'  shift 254
	.  error

	sentencia_ejecutable  goto 238
	asignacion  goto 24
	seleccion  goto 25
	impresion  goto 26
	iteracion_while  goto 27
	invocacion_con_d  goto 28
	invocacion  goto 29


state 243
	iteracion_while : WHILE '(' comparacion_bool ')' '(' asignacion ')' '{' ejecucion_iteracion . '}' ';'  (57)
	ejecucion_iteracion : ejecucion_iteracion . sentencia_ejecutable  (65)

	error  shift 5
	ID  shift 86
	IF  shift 7
	OUT  shift 8
	WHILE  shift 10
	DISCARD  shift 13
	'}'  shift 255
	.  error

	sentencia_ejecutable  goto 238
	asignacion  goto 24
	seleccion  goto 25
	impresion  goto 26
	iteracion_while  goto 27
	invocacion_con_d  goto 28
	invocacion  goto 29


state 244
	iteracion_while : WHILE '(' comparacion_bool ')' '(' asignacion ')' sentencia_ejecutable ';' .  (61)

	.  reduce 61


state 245
	iteracion_while : WHILE '(' comparacion_bool ')' ':' '(' ')' '{' ejecucion_iteracion . '}' ';'  (60)
	ejecucion_iteracion : ejecucion_iteracion . sentencia_ejecutable  (65)

	error  shift 5
	ID  shift 86
	IF  shift 7
	OUT  shift 8
	WHILE  shift 10
	DISCARD  shift 13
	'}'  shift 256
	.  error

	sentencia_ejecutable  goto 238
	asignacion  goto 24
	seleccion  goto 25
	impresion  goto 26
	iteracion_while  goto 27
	invocacion_con_d  goto 28
	invocacion  goto 29


state 246
	iteracion_while : WHILE '(' comparacion_bool ')' ':' '(' ')' sentencia_ejecutable ';' .  (63)

	.  reduce 63


state 247
	iteracion_while : WHILE '(' comparacion_bool ')' ':' '(' asignacion ')' '{' . ejecucion_iteracion '}' ';'  (48)
	iteracion_while : WHILE '(' comparacion_bool ')' ':' '(' asignacion ')' '{' . ejecucion_iteracion break '}' ';'  (49)
	iteracion_while : WHILE '(' comparacion_bool ')' ':' '(' asignacion ')' '{' . ejecucion_iteracion continue '}' ';'  (50)
	iteracion_while : WHILE '(' comparacion_bool ')' ':' '(' asignacion ')' '{' . '}' ';'  (58)

	error  shift 5
	ID  shift 86
	IF  shift 7
	OUT  shift 8
	WHILE  shift 10
	DISCARD  shift 13
	'}'  shift 257
	.  error

	sentencia_ejecutable  goto 224
	asignacion  goto 24
	seleccion  goto 25
	impresion  goto 26
	iteracion_while  goto 27
	invocacion_con_d  goto 28
	invocacion  goto 29
	ejecucion_iteracion  goto 258


state 248
	iteracion_while : WHILE '(' comparacion_bool ')' ':' '(' asignacion ')' sentencia_ejecutable .  (51)

	.  reduce 51


state 249
	iteracion_while : WHILE ':' '(' asignacion ')' '{' ejecucion_iteracion '}' ';' .  (56)

	.  reduce 56


state 250
	ejecucion_funcion : '{' RETURN '(' expresion ')' ';' '}' ';' .  (30)

	.  reduce 30


state 251
	ejecucion_funcion : '{' bloque_funcion RETURN '(' expresion ')' ';' '}' . ';'  (29)

	';'  shift 259
	.  error


state 252
	ejecucion_funcion : '{' bloque_funcion RETURN '(' expresion ')' ';' bloque_funcion . '}' ';'  (31)
	bloque_funcion : bloque_funcion . sentencia  (32)

	error  shift 5
	ID  shift 6
	IF  shift 7
	OUT  shift 8
	FUN  shift 9
	WHILE  shift 10
	I32  shift 11
	F32  shift 12
	DISCARD  shift 13
	'}'  shift 260
	.  error

	declaracion_variables  goto 16
	tipo  goto 17
	lista_variables  goto 18
	sentencia_declarable  goto 19
	funcion  goto 20
	header_funcion  goto 21
	sentencia  goto 153
	sentencia_ejecutable  goto 23
	asignacion  goto 24
	seleccion  goto 25
	impresion  goto 26
	iteracion_while  goto 27
	invocacion_con_d  goto 28
	invocacion  goto 29


state 253
	iteracion_while : ID ':' WHILE '(' comparacion_bool ')' ':' '(' asignacion ')' . '{' ejecucion_iteracion '}' ';'  (52)
	iteracion_while : ID ':' WHILE '(' comparacion_bool ')' ':' '(' asignacion ')' . '{' ejecucion_iteracion break '}' ';'  (53)
	iteracion_while : ID ':' WHILE '(' comparacion_bool ')' ':' '(' asignacion ')' . '{' ejecucion_iteracion continue '}' ';'  (54)
	iteracion_while : ID ':' WHILE '(' comparacion_bool ')' ':' '(' asignacion ')' . sentencia_ejecutable  (55)

	error  shift 5
	ID  shift 86
	IF  shift 7
	OUT  shift 8
	WHILE  shift 10
	DISCARD  shift 13
	'{'  shift 261
	.  error

	sentencia_ejecutable  goto 262
	asignacion  goto 24
	seleccion  goto 25
	impresion  goto 26
	iteracion_while  goto 27
	invocacion_con_d  goto 28
	invocacion  goto 29


state 254
	iteracion_while : WHILE '(' ')' ':' '(' asignacion ')' '{' ejecucion_iteracion '}' . ';'  (59)

	';'  shift 263
	.  error


state 255
	iteracion_while : WHILE '(' comparacion_bool ')' '(' asignacion ')' '{' ejecucion_iteracion '}' . ';'  (57)

	';'  shift 264
	.  error


state 256
	iteracion_while : WHILE '(' comparacion_bool ')' ':' '(' ')' '{' ejecucion_iteracion '}' . ';'  (60)

	';'  shift 265
	.  error


state 257
	iteracion_while : WHILE '(' comparacion_bool ')' ':' '(' asignacion ')' '{' '}' . ';'  (58)

	';'  shift 266
	.  error


state 258
	iteracion_while : WHILE '(' comparacion_bool ')' ':' '(' asignacion ')' '{' ejecucion_iteracion . '}' ';'  (48)
	iteracion_while : WHILE '(' comparacion_bool ')' ':' '(' asignacion ')' '{' ejecucion_iteracion . break '}' ';'  (49)
	iteracion_while : WHILE '(' comparacion_bool ')' ':' '(' asignacion ')' '{' ejecucion_iteracion . continue '}' ';'  (50)
	ejecucion_iteracion : ejecucion_iteracion . sentencia_ejecutable  (65)

	error  shift 5
	ID  shift 86
	IF  shift 7
	OUT  shift 8
	BREAK  shift 267
	CONTINUE  shift 268
	WHILE  shift 10
	DISCARD  shift 13
	'}'  shift 269
	.  error

	sentencia_ejecutable  goto 238
	asignacion  goto 24
	seleccion  goto 25
	impresion  goto 26
	iteracion_while  goto 27
	invocacion_con_d  goto 28
	invocacion  goto 29
	break  goto 270
	continue  goto 271


state 259
	ejecucion_funcion : '{' bloque_funcion RETURN '(' expresion ')' ';' '}' ';' .  (29)

	.  reduce 29


state 260
	ejecucion_funcion : '{' bloque_funcion RETURN '(' expresion ')' ';' bloque_funcion '}' . ';'  (31)

	';'  shift 272
	.  error


state 261
	iteracion_while : ID ':' WHILE '(' comparacion_bool ')' ':' '(' asignacion ')' '{' . ejecucion_iteracion '}' ';'  (52)
	iteracion_while : ID ':' WHILE '(' comparacion_bool ')' ':' '(' asignacion ')' '{' . ejecucion_iteracion break '}' ';'  (53)
	iteracion_while : ID ':' WHILE '(' comparacion_bool ')' ':' '(' asignacion ')' '{' . ejecucion_iteracion continue '}' ';'  (54)

	error  shift 5
	ID  shift 86
	IF  shift 7
	OUT  shift 8
	WHILE  shift 10
	DISCARD  shift 13
	.  error

	sentencia_ejecutable  goto 224
	asignacion  goto 24
	seleccion  goto 25
	impresion  goto 26
	iteracion_while  goto 27
	invocacion_con_d  goto 28
	invocacion  goto 29
	ejecucion_iteracion  goto 273


state 262
	iteracion_while : ID ':' WHILE '(' comparacion_bool ')' ':' '(' asignacion ')' sentencia_ejecutable .  (55)

	.  reduce 55


state 263
	iteracion_while : WHILE '(' ')' ':' '(' asignacion ')' '{' ejecucion_iteracion '}' ';' .  (59)

	.  reduce 59


state 264
	iteracion_while : WHILE '(' comparacion_bool ')' '(' asignacion ')' '{' ejecucion_iteracion '}' ';' .  (57)

	.  reduce 57


state 265
	iteracion_while : WHILE '(' comparacion_bool ')' ':' '(' ')' '{' ejecucion_iteracion '}' ';' .  (60)

	.  reduce 60


state 266
	iteracion_while : WHILE '(' comparacion_bool ')' ':' '(' asignacion ')' '{' '}' ';' .  (58)

	.  reduce 58


state 267
	break : BREAK . CTE  (69)
	break : BREAK . '-' CTE  (70)

	CTE  shift 274
	'-'  shift 275
	.  error


state 268
	continue : CONTINUE .  (67)
	continue : CONTINUE . ':' ID  (68)

	':'  shift 276
	'}'  reduce 67


state 269
	iteracion_while : WHILE '(' comparacion_bool ')' ':' '(' asignacion ')' '{' ejecucion_iteracion '}' . ';'  (48)

	';'  shift 277
	.  error


state 270
	iteracion_while : WHILE '(' comparacion_bool ')' ':' '(' asignacion ')' '{' ejecucion_iteracion break . '}' ';'  (49)

	'}'  shift 278
	.  error


state 271
	iteracion_while : WHILE '(' comparacion_bool ')' ':' '(' asignacion ')' '{' ejecucion_iteracion continue . '}' ';'  (50)

	'}'  shift 279
	.  error


state 272
	ejecucion_funcion : '{' bloque_funcion RETURN '(' expresion ')' ';' bloque_funcion '}' ';' .  (31)

	.  reduce 31


state 273
	iteracion_while : ID ':' WHILE '(' comparacion_bool ')' ':' '(' asignacion ')' '{' ejecucion_iteracion . '}' ';'  (52)
	iteracion_while : ID ':' WHILE '(' comparacion_bool ')' ':' '(' asignacion ')' '{' ejecucion_iteracion . break '}' ';'  (53)
	iteracion_while : ID ':' WHILE '(' comparacion_bool ')' ':' '(' asignacion ')' '{' ejecucion_iteracion . continue '}' ';'  (54)
	ejecucion_iteracion : ejecucion_iteracion . sentencia_ejecutable  (65)

	error  shift 5
	ID  shift 86
	IF  shift 7
	OUT  shift 8
	BREAK  shift 267
	CONTINUE  shift 268
	WHILE  shift 10
	DISCARD  shift 13
	'}'  shift 280
	.  error

	sentencia_ejecutable  goto 238
	asignacion  goto 24
	seleccion  goto 25
	impresion  goto 26
	iteracion_while  goto 27
	invocacion_con_d  goto 28
	invocacion  goto 29
	break  goto 281
	continue  goto 282


state 274
	break : BREAK CTE .  (69)

	.  reduce 69


state 275
	break : BREAK '-' . CTE  (70)

	CTE  shift 283
	.  error


state 276
	continue : CONTINUE ':' . ID  (68)

	ID  shift 284
	.  error


state 277
	iteracion_while : WHILE '(' comparacion_bool ')' ':' '(' asignacion ')' '{' ejecucion_iteracion '}' ';' .  (48)

	.  reduce 48


state 278
	iteracion_while : WHILE '(' comparacion_bool ')' ':' '(' asignacion ')' '{' ejecucion_iteracion break '}' . ';'  (49)

	';'  shift 285
	.  error


state 279
	iteracion_while : WHILE '(' comparacion_bool ')' ':' '(' asignacion ')' '{' ejecucion_iteracion continue '}' . ';'  (50)

	';'  shift 286
	.  error


state 280
	iteracion_while : ID ':' WHILE '(' comparacion_bool ')' ':' '(' asignacion ')' '{' ejecucion_iteracion '}' . ';'  (52)

	';'  shift 287
	.  error


state 281
	iteracion_while : ID ':' WHILE '(' comparacion_bool ')' ':' '(' asignacion ')' '{' ejecucion_iteracion break . '}' ';'  (53)

	'}'  shift 288
	.  error


state 282
	iteracion_while : ID ':' WHILE '(' comparacion_bool ')' ':' '(' asignacion ')' '{' ejecucion_iteracion continue . '}' ';'  (54)

	'}'  shift 289
	.  error


state 283
	break : BREAK '-' CTE .  (70)

	.  reduce 70


state 284
	continue : CONTINUE ':' ID .  (68)

	.  reduce 68


state 285
	iteracion_while : WHILE '(' comparacion_bool ')' ':' '(' asignacion ')' '{' ejecucion_iteracion break '}' ';' .  (49)

	.  reduce 49


state 286
	iteracion_while : WHILE '(' comparacion_bool ')' ':' '(' asignacion ')' '{' ejecucion_iteracion continue '}' ';' .  (50)

	.  reduce 50


state 287
	iteracion_while : ID ':' WHILE '(' comparacion_bool ')' ':' '(' asignacion ')' '{' ejecucion_iteracion '}' ';' .  (52)

	.  reduce 52


state 288
	iteracion_while : ID ':' WHILE '(' comparacion_bool ')' ':' '(' asignacion ')' '{' ejecucion_iteracion break '}' . ';'  (53)

	';'  shift 290
	.  error


state 289
	iteracion_while : ID ':' WHILE '(' comparacion_bool ')' ':' '(' asignacion ')' '{' ejecucion_iteracion continue '}' . ';'  (54)

	';'  shift 291
	.  error


state 290
	iteracion_while : ID ':' WHILE '(' comparacion_bool ')' ':' '(' asignacion ')' '{' ejecucion_iteracion break '}' ';' .  (53)

	.  reduce 53


state 291
	iteracion_while : ID ':' WHILE '(' comparacion_bool ')' ':' '(' asignacion ')' '{' ejecucion_iteracion continue '}' ';' .  (54)

	.  reduce 54


37 terminals, 37 nonterminals
136 grammar rules, 292 states
